[0.020s] Invoking command in '/home/robotics/ros2_ws_scan/build/mycobot_description': CMAKE_PREFIX_PATH=${CMAKE_PREFIX_PATH}:/home/robotics/colcon_ws/install/ultraarm:/home/robotics/colcon_ws/install/mypalletizer_260_pi:/home/robotics/colcon_ws/install/mypalletizer_260:/home/robotics/colcon_ws/install/mypalletizer_communication:/home/robotics/colcon_ws/install/mycobot_630:/home/robotics/colcon_ws/install/mycobot_600:/home/robotics/colcon_ws/install/mycobot_320pi:/home/robotics/colcon_ws/install/mycobot_320:/home/robotics/colcon_ws/install/mycobot_280pi:/home/robotics/colcon_ws/install/mycobot_280jn:/home/robotics/colcon_ws/install/mycobot_280_x5pi:/home/robotics/colcon_ws/install/mycobot_280_x3pi:/home/robotics/colcon_ws/install/mycobot_280_arduino:/home/robotics/colcon_ws/install/mycobot_280:/home/robotics/colcon_ws/install/myarm_m750:/home/robotics/colcon_ws/install/myarm_c650:/home/robotics/colcon_ws/install/myarm_300:/home/robotics/colcon_ws/install/mycobot_communication:/home/robotics/colcon_ws/install/mecharm_pi:/home/robotics/colcon_ws/install/mecharm:/home/robotics/colcon_ws/install/mecharm_communication:/home/robotics/colcon_ws/install/mybuddy:/home/robotics/colcon_ws/install/mycobot_description:/opt/ros/humble /usr/bin/cmake /home/robotics/ros2_ws_scan/src/mycobot_ros2/mycobot_description -DCMAKE_INSTALL_PREFIX=/home/robotics/ros2_ws_scan/install/mycobot_description
[0.059s] -- The C compiler identification is GNU 11.4.0
[0.100s] -- The CXX compiler identification is GNU 11.4.0
[0.105s] -- Detecting C compiler ABI info
[0.159s] -- Detecting C compiler ABI info - done
[0.163s] -- Check for working C compiler: /usr/bin/cc - skipped
[0.163s] -- Detecting C compile features
[0.163s] -- Detecting C compile features - done
[0.165s] -- Detecting CXX compiler ABI info
[0.234s] -- Detecting CXX compiler ABI info - done
[0.240s] -- Check for working CXX compiler: /usr/bin/c++ - skipped
[0.241s] -- Detecting CXX compile features
[0.241s] -- Detecting CXX compile features - done
[0.246s] -- Found ament_cmake: 1.3.10 (/opt/ros/humble/share/ament_cmake/cmake)
[0.387s] -- Found Python3: /usr/bin/python3 (found version "3.10.12") found components: Interpreter 
[0.488s] -- Found ament_lint_auto: 0.12.11 (/opt/ros/humble/share/ament_lint_auto/cmake)
[0.573s] -- Added test 'flake8' to check Python code syntax and style conventions
[0.573s] -- Added test 'lint_cmake' to check CMake code style
[0.574s] -- Added test 'pep257' to check Python code against some of the docstring style conventions in PEP 257
[0.576s] -- Added test 'xmllint' to check XML markup files
[0.577s] -- Configuring done
[0.580s] -- Generating done
[0.582s] -- Build files have been written to: /home/robotics/ros2_ws_scan/build/mycobot_description
[0.586s] Invoked command in '/home/robotics/ros2_ws_scan/build/mycobot_description' returned '0': CMAKE_PREFIX_PATH=${CMAKE_PREFIX_PATH}:/home/robotics/colcon_ws/install/ultraarm:/home/robotics/colcon_ws/install/mypalletizer_260_pi:/home/robotics/colcon_ws/install/mypalletizer_260:/home/robotics/colcon_ws/install/mypalletizer_communication:/home/robotics/colcon_ws/install/mycobot_630:/home/robotics/colcon_ws/install/mycobot_600:/home/robotics/colcon_ws/install/mycobot_320pi:/home/robotics/colcon_ws/install/mycobot_320:/home/robotics/colcon_ws/install/mycobot_280pi:/home/robotics/colcon_ws/install/mycobot_280jn:/home/robotics/colcon_ws/install/mycobot_280_x5pi:/home/robotics/colcon_ws/install/mycobot_280_x3pi:/home/robotics/colcon_ws/install/mycobot_280_arduino:/home/robotics/colcon_ws/install/mycobot_280:/home/robotics/colcon_ws/install/myarm_m750:/home/robotics/colcon_ws/install/myarm_c650:/home/robotics/colcon_ws/install/myarm_300:/home/robotics/colcon_ws/install/mycobot_communication:/home/robotics/colcon_ws/install/mecharm_pi:/home/robotics/colcon_ws/install/mecharm:/home/robotics/colcon_ws/install/mecharm_communication:/home/robotics/colcon_ws/install/mybuddy:/home/robotics/colcon_ws/install/mycobot_description:/opt/ros/humble /usr/bin/cmake /home/robotics/ros2_ws_scan/src/mycobot_ros2/mycobot_description -DCMAKE_INSTALL_PREFIX=/home/robotics/ros2_ws_scan/install/mycobot_description
[0.588s] Invoking command in '/home/robotics/ros2_ws_scan/build/mycobot_description': CMAKE_PREFIX_PATH=${CMAKE_PREFIX_PATH}:/home/robotics/colcon_ws/install/ultraarm:/home/robotics/colcon_ws/install/mypalletizer_260_pi:/home/robotics/colcon_ws/install/mypalletizer_260:/home/robotics/colcon_ws/install/mypalletizer_communication:/home/robotics/colcon_ws/install/mycobot_630:/home/robotics/colcon_ws/install/mycobot_600:/home/robotics/colcon_ws/install/mycobot_320pi:/home/robotics/colcon_ws/install/mycobot_320:/home/robotics/colcon_ws/install/mycobot_280pi:/home/robotics/colcon_ws/install/mycobot_280jn:/home/robotics/colcon_ws/install/mycobot_280_x5pi:/home/robotics/colcon_ws/install/mycobot_280_x3pi:/home/robotics/colcon_ws/install/mycobot_280_arduino:/home/robotics/colcon_ws/install/mycobot_280:/home/robotics/colcon_ws/install/myarm_m750:/home/robotics/colcon_ws/install/myarm_c650:/home/robotics/colcon_ws/install/myarm_300:/home/robotics/colcon_ws/install/mycobot_communication:/home/robotics/colcon_ws/install/mecharm_pi:/home/robotics/colcon_ws/install/mecharm:/home/robotics/colcon_ws/install/mecharm_communication:/home/robotics/colcon_ws/install/mybuddy:/home/robotics/colcon_ws/install/mycobot_description:/opt/ros/humble /usr/bin/cmake --build /home/robotics/ros2_ws_scan/build/mycobot_description -- -j16 -l16
[0.623s] Invoked command in '/home/robotics/ros2_ws_scan/build/mycobot_description' returned '0': CMAKE_PREFIX_PATH=${CMAKE_PREFIX_PATH}:/home/robotics/colcon_ws/install/ultraarm:/home/robotics/colcon_ws/install/mypalletizer_260_pi:/home/robotics/colcon_ws/install/mypalletizer_260:/home/robotics/colcon_ws/install/mypalletizer_communication:/home/robotics/colcon_ws/install/mycobot_630:/home/robotics/colcon_ws/install/mycobot_600:/home/robotics/colcon_ws/install/mycobot_320pi:/home/robotics/colcon_ws/install/mycobot_320:/home/robotics/colcon_ws/install/mycobot_280pi:/home/robotics/colcon_ws/install/mycobot_280jn:/home/robotics/colcon_ws/install/mycobot_280_x5pi:/home/robotics/colcon_ws/install/mycobot_280_x3pi:/home/robotics/colcon_ws/install/mycobot_280_arduino:/home/robotics/colcon_ws/install/mycobot_280:/home/robotics/colcon_ws/install/myarm_m750:/home/robotics/colcon_ws/install/myarm_c650:/home/robotics/colcon_ws/install/myarm_300:/home/robotics/colcon_ws/install/mycobot_communication:/home/robotics/colcon_ws/install/mecharm_pi:/home/robotics/colcon_ws/install/mecharm:/home/robotics/colcon_ws/install/mecharm_communication:/home/robotics/colcon_ws/install/mybuddy:/home/robotics/colcon_ws/install/mycobot_description:/opt/ros/humble /usr/bin/cmake --build /home/robotics/ros2_ws_scan/build/mycobot_description -- -j16 -l16
[0.645s] Invoking command in '/home/robotics/ros2_ws_scan/build/mycobot_description': CMAKE_PREFIX_PATH=${CMAKE_PREFIX_PATH}:/home/robotics/colcon_ws/install/ultraarm:/home/robotics/colcon_ws/install/mypalletizer_260_pi:/home/robotics/colcon_ws/install/mypalletizer_260:/home/robotics/colcon_ws/install/mypalletizer_communication:/home/robotics/colcon_ws/install/mycobot_630:/home/robotics/colcon_ws/install/mycobot_600:/home/robotics/colcon_ws/install/mycobot_320pi:/home/robotics/colcon_ws/install/mycobot_320:/home/robotics/colcon_ws/install/mycobot_280pi:/home/robotics/colcon_ws/install/mycobot_280jn:/home/robotics/colcon_ws/install/mycobot_280_x5pi:/home/robotics/colcon_ws/install/mycobot_280_x3pi:/home/robotics/colcon_ws/install/mycobot_280_arduino:/home/robotics/colcon_ws/install/mycobot_280:/home/robotics/colcon_ws/install/myarm_m750:/home/robotics/colcon_ws/install/myarm_c650:/home/robotics/colcon_ws/install/myarm_300:/home/robotics/colcon_ws/install/mycobot_communication:/home/robotics/colcon_ws/install/mecharm_pi:/home/robotics/colcon_ws/install/mecharm:/home/robotics/colcon_ws/install/mecharm_communication:/home/robotics/colcon_ws/install/mybuddy:/home/robotics/colcon_ws/install/mycobot_description:/opt/ros/humble /usr/bin/cmake --install /home/robotics/ros2_ws_scan/build/mycobot_description
[0.651s] -- Install configuration: ""
[0.651s] -- Installing: /home/robotics/ros2_ws_scan/install/mycobot_description/share/mycobot_description/meshes
[0.651s] -- Installing: /home/robotics/ros2_ws_scan/install/mycobot_description/share/mycobot_description/meshes/mycobot_280
[0.651s] -- Installing: /home/robotics/ros2_ws_scan/install/mycobot_description/share/mycobot_description/meshes/mycobot_280/joint5.stl
[0.652s] -- Installing: /home/robotics/ros2_ws_scan/install/mycobot_description/share/mycobot_description/meshes/mycobot_280/joint6.stl
[0.653s] -- Installing: /home/robotics/ros2_ws_scan/install/mycobot_description/share/mycobot_description/meshes/mycobot_280/joint4.stl
[0.653s] -- Installing: /home/robotics/ros2_ws_scan/install/mycobot_description/share/mycobot_description/meshes/mycobot_280/joint1.stl
[0.654s] -- Installing: /home/robotics/ros2_ws_scan/install/mycobot_description/share/mycobot_description/meshes/mycobot_280/spectrometer.stl
[0.654s] -- Installing: /home/robotics/ros2_ws_scan/install/mycobot_description/share/mycobot_description/meshes/mycobot_280/joint7.stl
[0.655s] -- Installing: /home/robotics/ros2_ws_scan/install/mycobot_description/share/mycobot_description/meshes/mycobot_280/joint2.stl
[0.656s] -- Installing: /home/robotics/ros2_ws_scan/install/mycobot_description/share/mycobot_description/meshes/mycobot_280/joint3.stl
[0.657s] -- Installing: /home/robotics/ros2_ws_scan/install/mycobot_description/share/mycobot_description/meshes/mycobot_280/holder.stl
[0.657s] -- Installing: /home/robotics/ros2_ws_scan/install/mycobot_description/share/mycobot_description/launch
[0.657s] -- Installing: /home/robotics/ros2_ws_scan/install/mycobot_description/share/mycobot_description/launch/real_control.launch.py
[0.657s] -- Installing: /home/robotics/ros2_ws_scan/install/mycobot_description/share/mycobot_description/urdf
[0.657s] -- Installing: /home/robotics/ros2_ws_scan/install/mycobot_description/share/mycobot_description/urdf/controller_manager.yaml
[0.657s] -- Installing: /home/robotics/ros2_ws_scan/install/mycobot_description/share/mycobot_description/urdf/mycobot_280_classic_gazebo.xacro
[0.657s] -- Installing: /home/robotics/ros2_ws_scan/install/mycobot_description/share/mycobot_description/urdf/mycobot_280_ros2_control.xacro
[0.657s] -- Installing: /home/robotics/ros2_ws_scan/install/mycobot_description/share/mycobot_description/urdf/mycobot_280_classic_gazebo.urdf.xacro
[0.658s] -- Installing: /home/robotics/ros2_ws_scan/install/mycobot_description/share/mycobot_description/urdf/mycobot_280_urdf.xacro
[0.658s] -- Installing: /home/robotics/ros2_ws_scan/install/mycobot_description/share/ament_index/resource_index/package_run_dependencies/mycobot_description
[0.658s] -- Installing: /home/robotics/ros2_ws_scan/install/mycobot_description/share/ament_index/resource_index/parent_prefix_path/mycobot_description
[0.658s] -- Installing: /home/robotics/ros2_ws_scan/install/mycobot_description/share/mycobot_description/environment/ament_prefix_path.sh
[0.658s] -- Installing: /home/robotics/ros2_ws_scan/install/mycobot_description/share/mycobot_description/environment/ament_prefix_path.dsv
[0.658s] -- Installing: /home/robotics/ros2_ws_scan/install/mycobot_description/share/mycobot_description/environment/path.sh
[0.658s] -- Installing: /home/robotics/ros2_ws_scan/install/mycobot_description/share/mycobot_description/environment/path.dsv
[0.658s] -- Installing: /home/robotics/ros2_ws_scan/install/mycobot_description/share/mycobot_description/local_setup.bash
[0.658s] -- Installing: /home/robotics/ros2_ws_scan/install/mycobot_description/share/mycobot_description/local_setup.sh
[0.658s] -- Installing: /home/robotics/ros2_ws_scan/install/mycobot_description/share/mycobot_description/local_setup.zsh
[0.659s] -- Installing: /home/robotics/ros2_ws_scan/install/mycobot_description/share/mycobot_description/local_setup.dsv
[0.659s] -- Installing: /home/robotics/ros2_ws_scan/install/mycobot_description/share/mycobot_description/package.dsv
[0.659s] -- Installing: /home/robotics/ros2_ws_scan/install/mycobot_description/share/ament_index/resource_index/packages/mycobot_description
[0.659s] -- Installing: /home/robotics/ros2_ws_scan/install/mycobot_description/share/mycobot_description/cmake/mycobot_descriptionConfig.cmake
[0.659s] -- Installing: /home/robotics/ros2_ws_scan/install/mycobot_description/share/mycobot_description/cmake/mycobot_descriptionConfig-version.cmake
[0.659s] -- Installing: /home/robotics/ros2_ws_scan/install/mycobot_description/share/mycobot_description/package.xml
[0.661s] Invoked command in '/home/robotics/ros2_ws_scan/build/mycobot_description' returned '0': CMAKE_PREFIX_PATH=${CMAKE_PREFIX_PATH}:/home/robotics/colcon_ws/install/ultraarm:/home/robotics/colcon_ws/install/mypalletizer_260_pi:/home/robotics/colcon_ws/install/mypalletizer_260:/home/robotics/colcon_ws/install/mypalletizer_communication:/home/robotics/colcon_ws/install/mycobot_630:/home/robotics/colcon_ws/install/mycobot_600:/home/robotics/colcon_ws/install/mycobot_320pi:/home/robotics/colcon_ws/install/mycobot_320:/home/robotics/colcon_ws/install/mycobot_280pi:/home/robotics/colcon_ws/install/mycobot_280jn:/home/robotics/colcon_ws/install/mycobot_280_x5pi:/home/robotics/colcon_ws/install/mycobot_280_x3pi:/home/robotics/colcon_ws/install/mycobot_280_arduino:/home/robotics/colcon_ws/install/mycobot_280:/home/robotics/colcon_ws/install/myarm_m750:/home/robotics/colcon_ws/install/myarm_c650:/home/robotics/colcon_ws/install/myarm_300:/home/robotics/colcon_ws/install/mycobot_communication:/home/robotics/colcon_ws/install/mecharm_pi:/home/robotics/colcon_ws/install/mecharm:/home/robotics/colcon_ws/install/mecharm_communication:/home/robotics/colcon_ws/install/mybuddy:/home/robotics/colcon_ws/install/mycobot_description:/opt/ros/humble /usr/bin/cmake --install /home/robotics/ros2_ws_scan/build/mycobot_description
