-- The C compiler identification is GNU 11.4.0
-- The CXX compiler identification is GNU 11.4.0
-- Detecting C compiler ABI info
-- Detecting C compiler ABI info - done
-- Check for working C compiler: /usr/bin/cc - skipped
-- Detecting C compile features
-- Detecting C compile features - done
-- Detecting CXX compiler ABI info
-- Detecting CXX compiler ABI info - done
-- Check for working CXX compiler: /usr/bin/c++ - skipped
-- Detecting CXX compile features
-- Detecting CXX compile features - done
-- Found ament_cmake: 1.3.10 (/opt/ros/humble/share/ament_cmake/cmake)
-- Found Python3: /usr/bin/python3 (found version "3.10.12") found components: Interpreter 
-- Found fp: 0.0.1 (/home/robotics/ros2_ws_scan/install/fp/share/fp/cmake)
-- Found hardware_interface: 2.43.1 (/opt/ros/humble/share/hardware_interface/cmake)
-- Found rosidl_generator_c: 3.1.5 (/opt/ros/humble/share/rosidl_generator_c/cmake)
-- Found rosidl_adapter: 3.1.5 (/opt/ros/humble/share/rosidl_adapter/cmake)
-- Found rosidl_generator_cpp: 3.1.5 (/opt/ros/humble/share/rosidl_generator_cpp/cmake)
-- Using all available rosidl_typesupport_c: rosidl_typesupport_fastrtps_c;rosidl_typesupport_introspection_c
-- Using all available rosidl_typesupport_cpp: rosidl_typesupport_fastrtps_cpp;rosidl_typesupport_introspection_cpp
-- Found rmw_implementation_cmake: 6.1.2 (/opt/ros/humble/share/rmw_implementation_cmake/cmake)
-- Found rmw_fastrtps_cpp: 6.2.7 (/opt/ros/humble/share/rmw_fastrtps_cpp/cmake)
-- Found TinyXML2 via Config file: TinyXML2_DIR-NOTFOUND
-- Found OpenSSL: /usr/lib/x86_64-linux-gnu/libcrypto.so (found version "3.0.2")  
-- Found TinyXML2 via Config file: TinyXML2_DIR-NOTFOUND
-- Found FastRTPS: /opt/ros/humble/include  
-- Found TinyXML2 via Config file: TinyXML2_DIR-NOTFOUND
-- Found TinyXML2 via Config file: TinyXML2_DIR-NOTFOUND
-- Using RMW implementation 'rmw_fastrtps_cpp' as default
-- Looking for pthread.h
-- Looking for pthread.h - found
-- Performing Test CMAKE_HAVE_LIBC_PTHREAD
-- Performing Test CMAKE_HAVE_LIBC_PTHREAD - Success
-- Found Threads: TRUE  
-- Found mycobot: 0.0.0 (/home/robotics/ros2_ws_scan/install/mycobot/share/mycobot/cmake)
-- Found serial: 1.2.1 (/home/robotics/ros2_ws_scan/install/serial/share/serial/cmake)
-- Configuring done
-- Generating done
-- Build files have been written to: /home/robotics/ros2_ws_scan/build/mycobot_hardware_interface
[ 50%] [32mBuilding CXX object CMakeFiles/mycobot_hardware_interface.dir/src/hardware_interface.cpp.o[0m
[100%] [32m[1mLinking CXX shared library libmycobot_hardware_interface.so[0m
[100%] Built target mycobot_hardware_interface
-- Install configuration: ""
-- Installing: /home/robotics/ros2_ws_scan/install/mycobot_hardware_interface/share/mycobot_hardware_interface/hardware_interface_plugin.xml
-- Installing: /home/robotics/ros2_ws_scan/install/mycobot_hardware_interface/include
-- Installing: /home/robotics/ros2_ws_scan/install/mycobot_hardware_interface/include/mycobot_hardware_interface
-- Installing: /home/robotics/ros2_ws_scan/install/mycobot_hardware_interface/include/mycobot_hardware_interface/hardware_interface.hpp
-- Installing: /home/robotics/ros2_ws_scan/install/mycobot_hardware_interface/lib/libmycobot_hardware_interface.so
-- Set runtime path of "/home/robotics/ros2_ws_scan/install/mycobot_hardware_interface/lib/libmycobot_hardware_interface.so" to ""
-- Installing: /home/robotics/ros2_ws_scan/install/mycobot_hardware_interface/share/mycobot_hardware_interface/environment/library_path.sh
-- Installing: /home/robotics/ros2_ws_scan/install/mycobot_hardware_interface/share/mycobot_hardware_interface/environment/library_path.dsv
-- Installing: /home/robotics/ros2_ws_scan/install/mycobot_hardware_interface/share/ament_index/resource_index/package_run_dependencies/mycobot_hardware_interface
-- Installing: /home/robotics/ros2_ws_scan/install/mycobot_hardware_interface/share/ament_index/resource_index/parent_prefix_path/mycobot_hardware_interface
-- Installing: /home/robotics/ros2_ws_scan/install/mycobot_hardware_interface/share/mycobot_hardware_interface/environment/ament_prefix_path.sh
-- Installing: /home/robotics/ros2_ws_scan/install/mycobot_hardware_interface/share/mycobot_hardware_interface/environment/ament_prefix_path.dsv
-- Installing: /home/robotics/ros2_ws_scan/install/mycobot_hardware_interface/share/mycobot_hardware_interface/environment/path.sh
-- Installing: /home/robotics/ros2_ws_scan/install/mycobot_hardware_interface/share/mycobot_hardware_interface/environment/path.dsv
-- Installing: /home/robotics/ros2_ws_scan/install/mycobot_hardware_interface/share/mycobot_hardware_interface/local_setup.bash
-- Installing: /home/robotics/ros2_ws_scan/install/mycobot_hardware_interface/share/mycobot_hardware_interface/local_setup.sh
-- Installing: /home/robotics/ros2_ws_scan/install/mycobot_hardware_interface/share/mycobot_hardware_interface/local_setup.zsh
-- Installing: /home/robotics/ros2_ws_scan/install/mycobot_hardware_interface/share/mycobot_hardware_interface/local_setup.dsv
-- Installing: /home/robotics/ros2_ws_scan/install/mycobot_hardware_interface/share/mycobot_hardware_interface/package.dsv
-- Installing: /home/robotics/ros2_ws_scan/install/mycobot_hardware_interface/share/ament_index/resource_index/packages/mycobot_hardware_interface
-- Installing: /home/robotics/ros2_ws_scan/install/mycobot_hardware_interface/share/ament_index/resource_index/hardware_interface__pluginlib__plugin/mycobot_hardware_interface
-- Installing: /home/robotics/ros2_ws_scan/install/mycobot_hardware_interface/share/mycobot_hardware_interface/cmake/export_mycobot_hardware_interfaceExport.cmake
-- Installing: /home/robotics/ros2_ws_scan/install/mycobot_hardware_interface/share/mycobot_hardware_interface/cmake/export_mycobot_hardware_interfaceExport-noconfig.cmake
-- Installing: /home/robotics/ros2_ws_scan/install/mycobot_hardware_interface/share/mycobot_hardware_interface/cmake/ament_cmake_export_include_directories-extras.cmake
-- Installing: /home/robotics/ros2_ws_scan/install/mycobot_hardware_interface/share/mycobot_hardware_interface/cmake/ament_cmake_export_libraries-extras.cmake
-- Installing: /home/robotics/ros2_ws_scan/install/mycobot_hardware_interface/share/mycobot_hardware_interface/cmake/ament_cmake_export_targets-extras.cmake
-- Installing: /home/robotics/ros2_ws_scan/install/mycobot_hardware_interface/share/mycobot_hardware_interface/cmake/mycobot_hardware_interfaceConfig.cmake
-- Installing: /home/robotics/ros2_ws_scan/install/mycobot_hardware_interface/share/mycobot_hardware_interface/cmake/mycobot_hardware_interfaceConfig-version.cmake
-- Installing: /home/robotics/ros2_ws_scan/install/mycobot_hardware_interface/share/mycobot_hardware_interface/package.xml
