[0.012s] Invoking command in '/home/robotics/ros2_ws_scan/build/mycobot': AMENT_PREFIX_PATH=/home/robotics/ros2_ws_scan/install/serial:/home/robotics/ros2_ws_scan/install/fp:/home/robotics/ros2_ws_scan/install/catch2:${AMENT_PREFIX_PATH} CMAKE_PREFIX_PATH=/home/robotics/ros2_ws_scan/install/serial:/home/robotics/ros2_ws_scan/install/fp:/home/robotics/ros2_ws_scan/install/catch2:/home/robotics/colcon_ws/install/mypalletizer_interfaces:/home/robotics/colcon_ws/install/mycobot_interfaces:/home/robotics/colcon_ws/install/mecharm_interfaces:/home/robotics/colcon_ws/install/ultraarm:/home/robotics/colcon_ws/install/mypalletizer_260_pi:/home/robotics/colcon_ws/install/mypalletizer_260:/home/robotics/colcon_ws/install/mypalletizer_communication:/home/robotics/colcon_ws/install/mycobot_630:/home/robotics/colcon_ws/install/mycobot_600:/home/robotics/colcon_ws/install/mycobot_320pi:/home/robotics/colcon_ws/install/mycobot_320:/home/robotics/colcon_ws/install/mycobot_280pi:/home/robotics/colcon_ws/install/mycobot_280jn:/home/robotics/colcon_ws/install/mycobot_280_x5pi:/home/robotics/colcon_ws/install/mycobot_280_x3pi:/home/robotics/colcon_ws/install/mycobot_280_arduino:/home/robotics/colcon_ws/install/mycobot_280:/home/robotics/colcon_ws/install/myarm_m750:/home/robotics/colcon_ws/install/myarm_c650:/home/robotics/colcon_ws/install/myarm_300:/home/robotics/colcon_ws/install/mycobot_communication:/home/robotics/colcon_ws/install/mecharm_pi:/home/robotics/colcon_ws/install/mecharm:/home/robotics/colcon_ws/install/mecharm_communication:/home/robotics/colcon_ws/install/mybuddy:/home/robotics/colcon_ws/install/mycobot_description:/opt/ros/humble LD_LIBRARY_PATH=/home/robotics/ros2_ws_scan/install/serial/lib:${LD_LIBRARY_PATH} /usr/bin/cmake /home/robotics/ros2_ws_scan/src/mycobot-ros2-fix/mycobot -DCMAKE_INSTALL_PREFIX=/home/robotics/ros2_ws_scan/install/mycobot
[0.059s] -- The C compiler identification is GNU 11.4.0
[0.102s] -- The CXX compiler identification is GNU 11.4.0
[0.108s] -- Detecting C compiler ABI info
[0.170s] -- Detecting C compiler ABI info - done
[0.176s] -- Check for working C compiler: /usr/bin/cc - skipped
[0.176s] -- Detecting C compile features
[0.176s] -- Detecting C compile features - done
[0.179s] -- Detecting CXX compiler ABI info
[0.248s] -- Detecting CXX compiler ABI info - done
[0.254s] -- Check for working CXX compiler: /usr/bin/c++ - skipped
[0.254s] -- Detecting CXX compile features
[0.255s] -- Detecting CXX compile features - done
[0.260s] -- Found ament_cmake: 1.3.10 (/opt/ros/humble/share/ament_cmake/cmake)
[0.403s] -- Found Python3: /usr/bin/python3 (found version "3.10.12") found components: Interpreter 
[0.519s] -- Found fp: 0.0.1 (/home/robotics/ros2_ws_scan/install/fp/share/fp/cmake)
[0.527s] -- Found serial: 1.2.1 (/home/robotics/ros2_ws_scan/install/serial/share/serial/cmake)
[0.528s] -- Found catch2: 2.13.8 (/home/robotics/ros2_ws_scan/install/catch2/share/catch2/cmake)
[0.532s] -- Found ament_cmake_catch2: 1.2.1 (/opt/ros/humble/share/ament_cmake_catch2/cmake)
[0.585s] -- Configuring done
[0.590s] -- Generating done
[0.590s] -- Build files have been written to: /home/robotics/ros2_ws_scan/build/mycobot
[0.594s] Invoked command in '/home/robotics/ros2_ws_scan/build/mycobot' returned '0': AMENT_PREFIX_PATH=/home/robotics/ros2_ws_scan/install/serial:/home/robotics/ros2_ws_scan/install/fp:/home/robotics/ros2_ws_scan/install/catch2:${AMENT_PREFIX_PATH} CMAKE_PREFIX_PATH=/home/robotics/ros2_ws_scan/install/serial:/home/robotics/ros2_ws_scan/install/fp:/home/robotics/ros2_ws_scan/install/catch2:/home/robotics/colcon_ws/install/mypalletizer_interfaces:/home/robotics/colcon_ws/install/mycobot_interfaces:/home/robotics/colcon_ws/install/mecharm_interfaces:/home/robotics/colcon_ws/install/ultraarm:/home/robotics/colcon_ws/install/mypalletizer_260_pi:/home/robotics/colcon_ws/install/mypalletizer_260:/home/robotics/colcon_ws/install/mypalletizer_communication:/home/robotics/colcon_ws/install/mycobot_630:/home/robotics/colcon_ws/install/mycobot_600:/home/robotics/colcon_ws/install/mycobot_320pi:/home/robotics/colcon_ws/install/mycobot_320:/home/robotics/colcon_ws/install/mycobot_280pi:/home/robotics/colcon_ws/install/mycobot_280jn:/home/robotics/colcon_ws/install/mycobot_280_x5pi:/home/robotics/colcon_ws/install/mycobot_280_x3pi:/home/robotics/colcon_ws/install/mycobot_280_arduino:/home/robotics/colcon_ws/install/mycobot_280:/home/robotics/colcon_ws/install/myarm_m750:/home/robotics/colcon_ws/install/myarm_c650:/home/robotics/colcon_ws/install/myarm_300:/home/robotics/colcon_ws/install/mycobot_communication:/home/robotics/colcon_ws/install/mecharm_pi:/home/robotics/colcon_ws/install/mecharm:/home/robotics/colcon_ws/install/mecharm_communication:/home/robotics/colcon_ws/install/mybuddy:/home/robotics/colcon_ws/install/mycobot_description:/opt/ros/humble LD_LIBRARY_PATH=/home/robotics/ros2_ws_scan/install/serial/lib:${LD_LIBRARY_PATH} /usr/bin/cmake /home/robotics/ros2_ws_scan/src/mycobot-ros2-fix/mycobot -DCMAKE_INSTALL_PREFIX=/home/robotics/ros2_ws_scan/install/mycobot
[0.597s] Invoking command in '/home/robotics/ros2_ws_scan/build/mycobot': AMENT_PREFIX_PATH=/home/robotics/ros2_ws_scan/install/serial:/home/robotics/ros2_ws_scan/install/fp:/home/robotics/ros2_ws_scan/install/catch2:${AMENT_PREFIX_PATH} CMAKE_PREFIX_PATH=/home/robotics/ros2_ws_scan/install/serial:/home/robotics/ros2_ws_scan/install/fp:/home/robotics/ros2_ws_scan/install/catch2:/home/robotics/colcon_ws/install/mypalletizer_interfaces:/home/robotics/colcon_ws/install/mycobot_interfaces:/home/robotics/colcon_ws/install/mecharm_interfaces:/home/robotics/colcon_ws/install/ultraarm:/home/robotics/colcon_ws/install/mypalletizer_260_pi:/home/robotics/colcon_ws/install/mypalletizer_260:/home/robotics/colcon_ws/install/mypalletizer_communication:/home/robotics/colcon_ws/install/mycobot_630:/home/robotics/colcon_ws/install/mycobot_600:/home/robotics/colcon_ws/install/mycobot_320pi:/home/robotics/colcon_ws/install/mycobot_320:/home/robotics/colcon_ws/install/mycobot_280pi:/home/robotics/colcon_ws/install/mycobot_280jn:/home/robotics/colcon_ws/install/mycobot_280_x5pi:/home/robotics/colcon_ws/install/mycobot_280_x3pi:/home/robotics/colcon_ws/install/mycobot_280_arduino:/home/robotics/colcon_ws/install/mycobot_280:/home/robotics/colcon_ws/install/myarm_m750:/home/robotics/colcon_ws/install/myarm_c650:/home/robotics/colcon_ws/install/myarm_300:/home/robotics/colcon_ws/install/mycobot_communication:/home/robotics/colcon_ws/install/mecharm_pi:/home/robotics/colcon_ws/install/mecharm:/home/robotics/colcon_ws/install/mecharm_communication:/home/robotics/colcon_ws/install/mybuddy:/home/robotics/colcon_ws/install/mycobot_description:/opt/ros/humble LD_LIBRARY_PATH=/home/robotics/ros2_ws_scan/install/serial/lib:${LD_LIBRARY_PATH} /usr/bin/cmake --build /home/robotics/ros2_ws_scan/build/mycobot -- -j16 -l16
[0.643s] [ 41%] [32mBuilding CXX object CMakeFiles/mycobot.dir/src/command.cpp.o[0m
[0.644s] [ 41%] [32mBuilding CXX object CMakeFiles/mycobot.dir/src/mycobot.cpp.o[0m
[0.644s] [ 41%] [32mBuilding CXX object CMakeFiles/mycobot.dir/src/serialize.cpp.o[0m
[0.644s] [ 41%] [32mBuilding CXX object CMakeFiles/mycobot.dir/src/process_received.cpp.o[0m
[0.644s] [ 41%] [32mBuilding CXX object CMakeFiles/mycobot.dir/src/detect.cpp.o[0m
[4.744s] [ 50%] [32m[1mLinking CXX static library libmycobot.a[0m
[4.966s] [ 50%] Built target mycobot
[5.026s] [ 58%] [32mBuilding CXX object CMakeFiles/wiggle.dir/bringup/wiggle.cpp.o[0m
[5.029s] [ 66%] [32mBuilding CXX object CMakeFiles/test_mycobot.dir/test/main.cpp.o[0m
[5.030s] [ 75%] [32mBuilding CXX object CMakeFiles/test_mycobot.dir/test/test_process_received.cpp.o[0m
[5.037s] [ 83%] [32mBuilding CXX object CMakeFiles/test_mycobot.dir/test/test_serialize.cpp.o[0m
[10.142s] [ 91%] [32m[1mLinking CXX executable wiggle[0m
[10.440s] [ 91%] Built target wiggle
[17.236s] [100%] [32m[1mLinking CXX executable test_mycobot[0m
[17.604s] [100%] Built target test_mycobot
[17.617s] Invoked command in '/home/robotics/ros2_ws_scan/build/mycobot' returned '0': AMENT_PREFIX_PATH=/home/robotics/ros2_ws_scan/install/serial:/home/robotics/ros2_ws_scan/install/fp:/home/robotics/ros2_ws_scan/install/catch2:${AMENT_PREFIX_PATH} CMAKE_PREFIX_PATH=/home/robotics/ros2_ws_scan/install/serial:/home/robotics/ros2_ws_scan/install/fp:/home/robotics/ros2_ws_scan/install/catch2:/home/robotics/colcon_ws/install/mypalletizer_interfaces:/home/robotics/colcon_ws/install/mycobot_interfaces:/home/robotics/colcon_ws/install/mecharm_interfaces:/home/robotics/colcon_ws/install/ultraarm:/home/robotics/colcon_ws/install/mypalletizer_260_pi:/home/robotics/colcon_ws/install/mypalletizer_260:/home/robotics/colcon_ws/install/mypalletizer_communication:/home/robotics/colcon_ws/install/mycobot_630:/home/robotics/colcon_ws/install/mycobot_600:/home/robotics/colcon_ws/install/mycobot_320pi:/home/robotics/colcon_ws/install/mycobot_320:/home/robotics/colcon_ws/install/mycobot_280pi:/home/robotics/colcon_ws/install/mycobot_280jn:/home/robotics/colcon_ws/install/mycobot_280_x5pi:/home/robotics/colcon_ws/install/mycobot_280_x3pi:/home/robotics/colcon_ws/install/mycobot_280_arduino:/home/robotics/colcon_ws/install/mycobot_280:/home/robotics/colcon_ws/install/myarm_m750:/home/robotics/colcon_ws/install/myarm_c650:/home/robotics/colcon_ws/install/myarm_300:/home/robotics/colcon_ws/install/mycobot_communication:/home/robotics/colcon_ws/install/mecharm_pi:/home/robotics/colcon_ws/install/mecharm:/home/robotics/colcon_ws/install/mecharm_communication:/home/robotics/colcon_ws/install/mybuddy:/home/robotics/colcon_ws/install/mycobot_description:/opt/ros/humble LD_LIBRARY_PATH=/home/robotics/ros2_ws_scan/install/serial/lib:${LD_LIBRARY_PATH} /usr/bin/cmake --build /home/robotics/ros2_ws_scan/build/mycobot -- -j16 -l16
[17.663s] Invoking command in '/home/robotics/ros2_ws_scan/build/mycobot': AMENT_PREFIX_PATH=/home/robotics/ros2_ws_scan/install/serial:/home/robotics/ros2_ws_scan/install/fp:/home/robotics/ros2_ws_scan/install/catch2:${AMENT_PREFIX_PATH} CMAKE_PREFIX_PATH=/home/robotics/ros2_ws_scan/install/serial:/home/robotics/ros2_ws_scan/install/fp:/home/robotics/ros2_ws_scan/install/catch2:/home/robotics/colcon_ws/install/mypalletizer_interfaces:/home/robotics/colcon_ws/install/mycobot_interfaces:/home/robotics/colcon_ws/install/mecharm_interfaces:/home/robotics/colcon_ws/install/ultraarm:/home/robotics/colcon_ws/install/mypalletizer_260_pi:/home/robotics/colcon_ws/install/mypalletizer_260:/home/robotics/colcon_ws/install/mypalletizer_communication:/home/robotics/colcon_ws/install/mycobot_630:/home/robotics/colcon_ws/install/mycobot_600:/home/robotics/colcon_ws/install/mycobot_320pi:/home/robotics/colcon_ws/install/mycobot_320:/home/robotics/colcon_ws/install/mycobot_280pi:/home/robotics/colcon_ws/install/mycobot_280jn:/home/robotics/colcon_ws/install/mycobot_280_x5pi:/home/robotics/colcon_ws/install/mycobot_280_x3pi:/home/robotics/colcon_ws/install/mycobot_280_arduino:/home/robotics/colcon_ws/install/mycobot_280:/home/robotics/colcon_ws/install/myarm_m750:/home/robotics/colcon_ws/install/myarm_c650:/home/robotics/colcon_ws/install/myarm_300:/home/robotics/colcon_ws/install/mycobot_communication:/home/robotics/colcon_ws/install/mecharm_pi:/home/robotics/colcon_ws/install/mecharm:/home/robotics/colcon_ws/install/mecharm_communication:/home/robotics/colcon_ws/install/mybuddy:/home/robotics/colcon_ws/install/mycobot_description:/opt/ros/humble LD_LIBRARY_PATH=/home/robotics/ros2_ws_scan/install/serial/lib:${LD_LIBRARY_PATH} /usr/bin/cmake --install /home/robotics/ros2_ws_scan/build/mycobot
[17.671s] -- Install configuration: ""
[17.671s] -- Installing: /home/robotics/ros2_ws_scan/install/mycobot/include
[17.671s] -- Installing: /home/robotics/ros2_ws_scan/install/mycobot/include/mycobot
[17.672s] -- Installing: /home/robotics/ros2_ws_scan/install/mycobot/include/mycobot/mycobot.hpp
[17.672s] -- Installing: /home/robotics/ros2_ws_scan/install/mycobot/include/mycobot/serialize.hpp
[17.672s] -- Installing: /home/robotics/ros2_ws_scan/install/mycobot/include/mycobot/command.hpp
[17.672s] -- Installing: /home/robotics/ros2_ws_scan/install/mycobot/include/mycobot/process_received.hpp
[17.672s] -- Installing: /home/robotics/ros2_ws_scan/install/mycobot/include/mycobot/protocol_code.hpp
[17.672s] -- Installing: /home/robotics/ros2_ws_scan/install/mycobot/include/mycobot/detect.hpp
[17.673s] -- Installing: /home/robotics/ros2_ws_scan/install/mycobot/lib/libmycobot.a
[17.675s] -- Installing: /home/robotics/ros2_ws_scan/install/mycobot/bin/wiggle
[17.677s] -- Installing: /home/robotics/ros2_ws_scan/install/mycobot/share/mycobot/environment/library_path.sh
[17.677s] -- Installing: /home/robotics/ros2_ws_scan/install/mycobot/share/mycobot/environment/library_path.dsv
[17.677s] -- Installing: /home/robotics/ros2_ws_scan/install/mycobot/share/ament_index/resource_index/package_run_dependencies/mycobot
[17.677s] -- Installing: /home/robotics/ros2_ws_scan/install/mycobot/share/ament_index/resource_index/parent_prefix_path/mycobot
[17.677s] -- Installing: /home/robotics/ros2_ws_scan/install/mycobot/share/mycobot/environment/ament_prefix_path.sh
[17.678s] -- Installing: /home/robotics/ros2_ws_scan/install/mycobot/share/mycobot/environment/ament_prefix_path.dsv
[17.678s] -- Installing: /home/robotics/ros2_ws_scan/install/mycobot/share/mycobot/environment/path.sh
[17.678s] -- Installing: /home/robotics/ros2_ws_scan/install/mycobot/share/mycobot/environment/path.dsv
[17.678s] -- Installing: /home/robotics/ros2_ws_scan/install/mycobot/share/mycobot/local_setup.bash
[17.678s] -- Installing: /home/robotics/ros2_ws_scan/install/mycobot/share/mycobot/local_setup.sh
[17.678s] -- Installing: /home/robotics/ros2_ws_scan/install/mycobot/share/mycobot/local_setup.zsh
[17.678s] -- Installing: /home/robotics/ros2_ws_scan/install/mycobot/share/mycobot/local_setup.dsv
[17.679s] -- Installing: /home/robotics/ros2_ws_scan/install/mycobot/share/mycobot/package.dsv
[17.679s] -- Installing: /home/robotics/ros2_ws_scan/install/mycobot/share/ament_index/resource_index/packages/mycobot
[17.679s] -- Installing: /home/robotics/ros2_ws_scan/install/mycobot/share/mycobot/cmake/export_mycobotExport.cmake
[17.679s] -- Installing: /home/robotics/ros2_ws_scan/install/mycobot/share/mycobot/cmake/export_mycobotExport-noconfig.cmake
[17.679s] -- Installing: /home/robotics/ros2_ws_scan/install/mycobot/share/mycobot/cmake/ament_cmake_export_include_directories-extras.cmake
[17.679s] -- Installing: /home/robotics/ros2_ws_scan/install/mycobot/share/mycobot/cmake/ament_cmake_export_libraries-extras.cmake
[17.679s] -- Installing: /home/robotics/ros2_ws_scan/install/mycobot/share/mycobot/cmake/ament_cmake_export_targets-extras.cmake
[17.680s] -- Installing: /home/robotics/ros2_ws_scan/install/mycobot/share/mycobot/cmake/mycobotConfig.cmake
[17.680s] -- Installing: /home/robotics/ros2_ws_scan/install/mycobot/share/mycobot/cmake/mycobotConfig-version.cmake
[17.680s] -- Installing: /home/robotics/ros2_ws_scan/install/mycobot/share/mycobot/package.xml
[17.683s] Invoked command in '/home/robotics/ros2_ws_scan/build/mycobot' returned '0': AMENT_PREFIX_PATH=/home/robotics/ros2_ws_scan/install/serial:/home/robotics/ros2_ws_scan/install/fp:/home/robotics/ros2_ws_scan/install/catch2:${AMENT_PREFIX_PATH} CMAKE_PREFIX_PATH=/home/robotics/ros2_ws_scan/install/serial:/home/robotics/ros2_ws_scan/install/fp:/home/robotics/ros2_ws_scan/install/catch2:/home/robotics/colcon_ws/install/mypalletizer_interfaces:/home/robotics/colcon_ws/install/mycobot_interfaces:/home/robotics/colcon_ws/install/mecharm_interfaces:/home/robotics/colcon_ws/install/ultraarm:/home/robotics/colcon_ws/install/mypalletizer_260_pi:/home/robotics/colcon_ws/install/mypalletizer_260:/home/robotics/colcon_ws/install/mypalletizer_communication:/home/robotics/colcon_ws/install/mycobot_630:/home/robotics/colcon_ws/install/mycobot_600:/home/robotics/colcon_ws/install/mycobot_320pi:/home/robotics/colcon_ws/install/mycobot_320:/home/robotics/colcon_ws/install/mycobot_280pi:/home/robotics/colcon_ws/install/mycobot_280jn:/home/robotics/colcon_ws/install/mycobot_280_x5pi:/home/robotics/colcon_ws/install/mycobot_280_x3pi:/home/robotics/colcon_ws/install/mycobot_280_arduino:/home/robotics/colcon_ws/install/mycobot_280:/home/robotics/colcon_ws/install/myarm_m750:/home/robotics/colcon_ws/install/myarm_c650:/home/robotics/colcon_ws/install/myarm_300:/home/robotics/colcon_ws/install/mycobot_communication:/home/robotics/colcon_ws/install/mecharm_pi:/home/robotics/colcon_ws/install/mecharm:/home/robotics/colcon_ws/install/mecharm_communication:/home/robotics/colcon_ws/install/mybuddy:/home/robotics/colcon_ws/install/mycobot_description:/opt/ros/humble LD_LIBRARY_PATH=/home/robotics/ros2_ws_scan/install/serial/lib:${LD_LIBRARY_PATH} /usr/bin/cmake --install /home/robotics/ros2_ws_scan/build/mycobot
