[0.010s] Invoking command in '/home/robotics/ros2_ws_scan/build/mycobot_moveit_config': AMENT_PREFIX_PATH=/home/robotics/ros2_ws_scan/install/mycobot_gazebo:${AMENT_PREFIX_PATH} CMAKE_PREFIX_PATH=/home/robotics/ros2_ws_scan/install/mycobot_gazebo:/home/robotics/colcon_ws/install/mypalletizer_interfaces:/home/robotics/colcon_ws/install/mycobot_interfaces:/home/robotics/colcon_ws/install/mecharm_interfaces:/home/robotics/colcon_ws/install/ultraarm:/home/robotics/colcon_ws/install/mypalletizer_260_pi:/home/robotics/colcon_ws/install/mypalletizer_260:/home/robotics/colcon_ws/install/mypalletizer_communication:/home/robotics/colcon_ws/install/mycobot_630:/home/robotics/colcon_ws/install/mycobot_600:/home/robotics/colcon_ws/install/mycobot_320pi:/home/robotics/colcon_ws/install/mycobot_320:/home/robotics/colcon_ws/install/mycobot_280pi:/home/robotics/colcon_ws/install/mycobot_280jn:/home/robotics/colcon_ws/install/mycobot_280_x5pi:/home/robotics/colcon_ws/install/mycobot_280_x3pi:/home/robotics/colcon_ws/install/mycobot_280_arduino:/home/robotics/colcon_ws/install/mycobot_280:/home/robotics/colcon_ws/install/myarm_m750:/home/robotics/colcon_ws/install/myarm_c650:/home/robotics/colcon_ws/install/myarm_300:/home/robotics/colcon_ws/install/mycobot_communication:/home/robotics/colcon_ws/install/mecharm_pi:/home/robotics/colcon_ws/install/mecharm:/home/robotics/colcon_ws/install/mecharm_communication:/home/robotics/colcon_ws/install/mybuddy:/home/robotics/colcon_ws/install/mycobot_description:/opt/ros/humble /usr/bin/cmake /home/robotics/ros2_ws_scan/src/mycobot_ros2/mycobot_moveit_config -DCMAKE_INSTALL_PREFIX=/home/robotics/ros2_ws_scan/install/mycobot_moveit_config
[0.066s] -- The C compiler identification is GNU 11.4.0
[0.112s] -- The CXX compiler identification is GNU 11.4.0
[0.119s] -- Detecting C compiler ABI info
[0.181s] -- Detecting C compiler ABI info - done
[0.187s] -- Check for working C compiler: /usr/bin/cc - skipped
[0.187s] -- Detecting C compile features
[0.188s] -- Detecting C compile features - done
[0.190s] -- Detecting CXX compiler ABI info
[0.257s] -- Detecting CXX compiler ABI info - done
[0.264s] -- Check for working CXX compiler: /usr/bin/c++ - skipped
[0.264s] -- Detecting CXX compile features
[0.264s] -- Detecting CXX compile features - done
[0.269s] -- Found ament_cmake: 1.3.10 (/opt/ros/humble/share/ament_cmake/cmake)
[0.450s] -- Found Python3: /usr/bin/python3 (found version "3.10.12") found components: Interpreter 
[0.669s] -- Configuring done
[0.669s] -- Generating done
[0.670s] -- Build files have been written to: /home/robotics/ros2_ws_scan/build/mycobot_moveit_config
[0.679s] Invoked command in '/home/robotics/ros2_ws_scan/build/mycobot_moveit_config' returned '0': AMENT_PREFIX_PATH=/home/robotics/ros2_ws_scan/install/mycobot_gazebo:${AMENT_PREFIX_PATH} CMAKE_PREFIX_PATH=/home/robotics/ros2_ws_scan/install/mycobot_gazebo:/home/robotics/colcon_ws/install/mypalletizer_interfaces:/home/robotics/colcon_ws/install/mycobot_interfaces:/home/robotics/colcon_ws/install/mecharm_interfaces:/home/robotics/colcon_ws/install/ultraarm:/home/robotics/colcon_ws/install/mypalletizer_260_pi:/home/robotics/colcon_ws/install/mypalletizer_260:/home/robotics/colcon_ws/install/mypalletizer_communication:/home/robotics/colcon_ws/install/mycobot_630:/home/robotics/colcon_ws/install/mycobot_600:/home/robotics/colcon_ws/install/mycobot_320pi:/home/robotics/colcon_ws/install/mycobot_320:/home/robotics/colcon_ws/install/mycobot_280pi:/home/robotics/colcon_ws/install/mycobot_280jn:/home/robotics/colcon_ws/install/mycobot_280_x5pi:/home/robotics/colcon_ws/install/mycobot_280_x3pi:/home/robotics/colcon_ws/install/mycobot_280_arduino:/home/robotics/colcon_ws/install/mycobot_280:/home/robotics/colcon_ws/install/myarm_m750:/home/robotics/colcon_ws/install/myarm_c650:/home/robotics/colcon_ws/install/myarm_300:/home/robotics/colcon_ws/install/mycobot_communication:/home/robotics/colcon_ws/install/mecharm_pi:/home/robotics/colcon_ws/install/mecharm:/home/robotics/colcon_ws/install/mecharm_communication:/home/robotics/colcon_ws/install/mybuddy:/home/robotics/colcon_ws/install/mycobot_description:/opt/ros/humble /usr/bin/cmake /home/robotics/ros2_ws_scan/src/mycobot_ros2/mycobot_moveit_config -DCMAKE_INSTALL_PREFIX=/home/robotics/ros2_ws_scan/install/mycobot_moveit_config
[0.679s] Invoking command in '/home/robotics/ros2_ws_scan/build/mycobot_moveit_config': AMENT_PREFIX_PATH=/home/robotics/ros2_ws_scan/install/mycobot_gazebo:${AMENT_PREFIX_PATH} CMAKE_PREFIX_PATH=/home/robotics/ros2_ws_scan/install/mycobot_gazebo:/home/robotics/colcon_ws/install/mypalletizer_interfaces:/home/robotics/colcon_ws/install/mycobot_interfaces:/home/robotics/colcon_ws/install/mecharm_interfaces:/home/robotics/colcon_ws/install/ultraarm:/home/robotics/colcon_ws/install/mypalletizer_260_pi:/home/robotics/colcon_ws/install/mypalletizer_260:/home/robotics/colcon_ws/install/mypalletizer_communication:/home/robotics/colcon_ws/install/mycobot_630:/home/robotics/colcon_ws/install/mycobot_600:/home/robotics/colcon_ws/install/mycobot_320pi:/home/robotics/colcon_ws/install/mycobot_320:/home/robotics/colcon_ws/install/mycobot_280pi:/home/robotics/colcon_ws/install/mycobot_280jn:/home/robotics/colcon_ws/install/mycobot_280_x5pi:/home/robotics/colcon_ws/install/mycobot_280_x3pi:/home/robotics/colcon_ws/install/mycobot_280_arduino:/home/robotics/colcon_ws/install/mycobot_280:/home/robotics/colcon_ws/install/myarm_m750:/home/robotics/colcon_ws/install/myarm_c650:/home/robotics/colcon_ws/install/myarm_300:/home/robotics/colcon_ws/install/mycobot_communication:/home/robotics/colcon_ws/install/mecharm_pi:/home/robotics/colcon_ws/install/mecharm:/home/robotics/colcon_ws/install/mecharm_communication:/home/robotics/colcon_ws/install/mybuddy:/home/robotics/colcon_ws/install/mycobot_description:/opt/ros/humble /usr/bin/cmake --build /home/robotics/ros2_ws_scan/build/mycobot_moveit_config -- -j16 -l16
[0.723s] Invoked command in '/home/robotics/ros2_ws_scan/build/mycobot_moveit_config' returned '0': AMENT_PREFIX_PATH=/home/robotics/ros2_ws_scan/install/mycobot_gazebo:${AMENT_PREFIX_PATH} CMAKE_PREFIX_PATH=/home/robotics/ros2_ws_scan/install/mycobot_gazebo:/home/robotics/colcon_ws/install/mypalletizer_interfaces:/home/robotics/colcon_ws/install/mycobot_interfaces:/home/robotics/colcon_ws/install/mecharm_interfaces:/home/robotics/colcon_ws/install/ultraarm:/home/robotics/colcon_ws/install/mypalletizer_260_pi:/home/robotics/colcon_ws/install/mypalletizer_260:/home/robotics/colcon_ws/install/mypalletizer_communication:/home/robotics/colcon_ws/install/mycobot_630:/home/robotics/colcon_ws/install/mycobot_600:/home/robotics/colcon_ws/install/mycobot_320pi:/home/robotics/colcon_ws/install/mycobot_320:/home/robotics/colcon_ws/install/mycobot_280pi:/home/robotics/colcon_ws/install/mycobot_280jn:/home/robotics/colcon_ws/install/mycobot_280_x5pi:/home/robotics/colcon_ws/install/mycobot_280_x3pi:/home/robotics/colcon_ws/install/mycobot_280_arduino:/home/robotics/colcon_ws/install/mycobot_280:/home/robotics/colcon_ws/install/myarm_m750:/home/robotics/colcon_ws/install/myarm_c650:/home/robotics/colcon_ws/install/myarm_300:/home/robotics/colcon_ws/install/mycobot_communication:/home/robotics/colcon_ws/install/mecharm_pi:/home/robotics/colcon_ws/install/mecharm:/home/robotics/colcon_ws/install/mecharm_communication:/home/robotics/colcon_ws/install/mybuddy:/home/robotics/colcon_ws/install/mycobot_description:/opt/ros/humble /usr/bin/cmake --build /home/robotics/ros2_ws_scan/build/mycobot_moveit_config -- -j16 -l16
[0.750s] Invoking command in '/home/robotics/ros2_ws_scan/build/mycobot_moveit_config': AMENT_PREFIX_PATH=/home/robotics/ros2_ws_scan/install/mycobot_gazebo:${AMENT_PREFIX_PATH} CMAKE_PREFIX_PATH=/home/robotics/ros2_ws_scan/install/mycobot_gazebo:/home/robotics/colcon_ws/install/mypalletizer_interfaces:/home/robotics/colcon_ws/install/mycobot_interfaces:/home/robotics/colcon_ws/install/mecharm_interfaces:/home/robotics/colcon_ws/install/ultraarm:/home/robotics/colcon_ws/install/mypalletizer_260_pi:/home/robotics/colcon_ws/install/mypalletizer_260:/home/robotics/colcon_ws/install/mypalletizer_communication:/home/robotics/colcon_ws/install/mycobot_630:/home/robotics/colcon_ws/install/mycobot_600:/home/robotics/colcon_ws/install/mycobot_320pi:/home/robotics/colcon_ws/install/mycobot_320:/home/robotics/colcon_ws/install/mycobot_280pi:/home/robotics/colcon_ws/install/mycobot_280jn:/home/robotics/colcon_ws/install/mycobot_280_x5pi:/home/robotics/colcon_ws/install/mycobot_280_x3pi:/home/robotics/colcon_ws/install/mycobot_280_arduino:/home/robotics/colcon_ws/install/mycobot_280:/home/robotics/colcon_ws/install/myarm_m750:/home/robotics/colcon_ws/install/myarm_c650:/home/robotics/colcon_ws/install/myarm_300:/home/robotics/colcon_ws/install/mycobot_communication:/home/robotics/colcon_ws/install/mecharm_pi:/home/robotics/colcon_ws/install/mecharm:/home/robotics/colcon_ws/install/mecharm_communication:/home/robotics/colcon_ws/install/mybuddy:/home/robotics/colcon_ws/install/mycobot_description:/opt/ros/humble /usr/bin/cmake --install /home/robotics/ros2_ws_scan/build/mycobot_moveit_config
[0.759s] -- Install configuration: ""
[0.759s] -- Installing: /home/robotics/ros2_ws_scan/install/mycobot_moveit_config/share/ament_index/resource_index/package_run_dependencies/mycobot_moveit_config
[0.759s] -- Installing: /home/robotics/ros2_ws_scan/install/mycobot_moveit_config/share/ament_index/resource_index/parent_prefix_path/mycobot_moveit_config
[0.760s] -- Installing: /home/robotics/ros2_ws_scan/install/mycobot_moveit_config/share/mycobot_moveit_config/environment/ament_prefix_path.sh
[0.760s] -- Installing: /home/robotics/ros2_ws_scan/install/mycobot_moveit_config/share/mycobot_moveit_config/environment/ament_prefix_path.dsv
[0.760s] -- Installing: /home/robotics/ros2_ws_scan/install/mycobot_moveit_config/share/mycobot_moveit_config/environment/path.sh
[0.760s] -- Installing: /home/robotics/ros2_ws_scan/install/mycobot_moveit_config/share/mycobot_moveit_config/environment/path.dsv
[0.760s] -- Installing: /home/robotics/ros2_ws_scan/install/mycobot_moveit_config/share/mycobot_moveit_config/local_setup.bash
[0.760s] -- Installing: /home/robotics/ros2_ws_scan/install/mycobot_moveit_config/share/mycobot_moveit_config/local_setup.sh
[0.760s] -- Installing: /home/robotics/ros2_ws_scan/install/mycobot_moveit_config/share/mycobot_moveit_config/local_setup.zsh
[0.761s] -- Installing: /home/robotics/ros2_ws_scan/install/mycobot_moveit_config/share/mycobot_moveit_config/local_setup.dsv
[0.761s] -- Installing: /home/robotics/ros2_ws_scan/install/mycobot_moveit_config/share/mycobot_moveit_config/package.dsv
[0.761s] -- Installing: /home/robotics/ros2_ws_scan/install/mycobot_moveit_config/share/ament_index/resource_index/packages/mycobot_moveit_config
[0.761s] -- Installing: /home/robotics/ros2_ws_scan/install/mycobot_moveit_config/share/mycobot_moveit_config/cmake/mycobot_moveit_configConfig.cmake
[0.761s] -- Installing: /home/robotics/ros2_ws_scan/install/mycobot_moveit_config/share/mycobot_moveit_config/cmake/mycobot_moveit_configConfig-version.cmake
[0.761s] -- Installing: /home/robotics/ros2_ws_scan/install/mycobot_moveit_config/share/mycobot_moveit_config/package.xml
[0.762s] -- Installing: /home/robotics/ros2_ws_scan/install/mycobot_moveit_config/share/mycobot_moveit_config/launch
[0.762s] -- Installing: /home/robotics/ros2_ws_scan/install/mycobot_moveit_config/share/mycobot_moveit_config/launch/rsp.launch.py
[0.762s] -- Installing: /home/robotics/ros2_ws_scan/install/mycobot_moveit_config/share/mycobot_moveit_config/launch/demo.launch.py
[0.762s] -- Installing: /home/robotics/ros2_ws_scan/install/mycobot_moveit_config/share/mycobot_moveit_config/launch/static_virtual_joint_tfs.launch.py
[0.762s] -- Installing: /home/robotics/ros2_ws_scan/install/mycobot_moveit_config/share/mycobot_moveit_config/launch/moveit_rviz.launch.py
[0.762s] -- Installing: /home/robotics/ros2_ws_scan/install/mycobot_moveit_config/share/mycobot_moveit_config/launch/setup_assistant.launch.py
[0.762s] -- Installing: /home/robotics/ros2_ws_scan/install/mycobot_moveit_config/share/mycobot_moveit_config/launch/warehouse_db.launch.py
[0.762s] -- Installing: /home/robotics/ros2_ws_scan/install/mycobot_moveit_config/share/mycobot_moveit_config/launch/move_group.launch.py
[0.762s] -- Installing: /home/robotics/ros2_ws_scan/install/mycobot_moveit_config/share/mycobot_moveit_config/launch/spawn_controllers.launch.py
[0.763s] -- Installing: /home/robotics/ros2_ws_scan/install/mycobot_moveit_config/share/mycobot_moveit_config/config
[0.763s] -- Installing: /home/robotics/ros2_ws_scan/install/mycobot_moveit_config/share/mycobot_moveit_config/config/joint_limits.yaml
[0.763s] -- Installing: /home/robotics/ros2_ws_scan/install/mycobot_moveit_config/share/mycobot_moveit_config/config/ompl_planning.yaml
[0.763s] -- Installing: /home/robotics/ros2_ws_scan/install/mycobot_moveit_config/share/mycobot_moveit_config/config/mycobot_280.srdf
[0.763s] -- Installing: /home/robotics/ros2_ws_scan/install/mycobot_moveit_config/share/mycobot_moveit_config/config/kinematics.yaml
[0.763s] -- Installing: /home/robotics/ros2_ws_scan/install/mycobot_moveit_config/share/mycobot_moveit_config/config/mycobot_280.ros2_control.xacro
[0.763s] -- Installing: /home/robotics/ros2_ws_scan/install/mycobot_moveit_config/share/mycobot_moveit_config/config/mycobot_280.urdf.xacro
[0.763s] -- Installing: /home/robotics/ros2_ws_scan/install/mycobot_moveit_config/share/mycobot_moveit_config/config/ros2_controllers.yaml
[0.763s] -- Installing: /home/robotics/ros2_ws_scan/install/mycobot_moveit_config/share/mycobot_moveit_config/config/initial_positions.yaml
[0.764s] -- Installing: /home/robotics/ros2_ws_scan/install/mycobot_moveit_config/share/mycobot_moveit_config/config/pilz_cartesian_limits.yaml
[0.764s] -- Installing: /home/robotics/ros2_ws_scan/install/mycobot_moveit_config/share/mycobot_moveit_config/config/moveit_controllers.yaml
[0.764s] -- Installing: /home/robotics/ros2_ws_scan/install/mycobot_moveit_config/share/mycobot_moveit_config/config/moveit.rviz
[0.764s] -- Installing: /home/robotics/ros2_ws_scan/install/mycobot_moveit_config/share/mycobot_moveit_config/config/sensors_3d.yaml
[0.764s] -- Installing: /home/robotics/ros2_ws_scan/install/mycobot_moveit_config/share/mycobot_moveit_config/.setup_assistant
[0.767s] Invoked command in '/home/robotics/ros2_ws_scan/build/mycobot_moveit_config' returned '0': AMENT_PREFIX_PATH=/home/robotics/ros2_ws_scan/install/mycobot_gazebo:${AMENT_PREFIX_PATH} CMAKE_PREFIX_PATH=/home/robotics/ros2_ws_scan/install/mycobot_gazebo:/home/robotics/colcon_ws/install/mypalletizer_interfaces:/home/robotics/colcon_ws/install/mycobot_interfaces:/home/robotics/colcon_ws/install/mecharm_interfaces:/home/robotics/colcon_ws/install/ultraarm:/home/robotics/colcon_ws/install/mypalletizer_260_pi:/home/robotics/colcon_ws/install/mypalletizer_260:/home/robotics/colcon_ws/install/mypalletizer_communication:/home/robotics/colcon_ws/install/mycobot_630:/home/robotics/colcon_ws/install/mycobot_600:/home/robotics/colcon_ws/install/mycobot_320pi:/home/robotics/colcon_ws/install/mycobot_320:/home/robotics/colcon_ws/install/mycobot_280pi:/home/robotics/colcon_ws/install/mycobot_280jn:/home/robotics/colcon_ws/install/mycobot_280_x5pi:/home/robotics/colcon_ws/install/mycobot_280_x3pi:/home/robotics/colcon_ws/install/mycobot_280_arduino:/home/robotics/colcon_ws/install/mycobot_280:/home/robotics/colcon_ws/install/myarm_m750:/home/robotics/colcon_ws/install/myarm_c650:/home/robotics/colcon_ws/install/myarm_300:/home/robotics/colcon_ws/install/mycobot_communication:/home/robotics/colcon_ws/install/mecharm_pi:/home/robotics/colcon_ws/install/mecharm:/home/robotics/colcon_ws/install/mecharm_communication:/home/robotics/colcon_ws/install/mybuddy:/home/robotics/colcon_ws/install/mycobot_description:/opt/ros/humble /usr/bin/cmake --install /home/robotics/ros2_ws_scan/build/mycobot_moveit_config
