-- The CXX compiler identification is GNU 11.4.0
-- Detecting CXX compiler ABI info
-- Detecting CXX compiler ABI info - done
-- Check for working CXX compiler: /usr/bin/c++ - skipped
-- Detecting CXX compile features
-- Detecting CXX compile features - done
-- Found ament_cmake: 1.3.10 (/opt/ros/humble/share/ament_cmake/cmake)
-- Found Python3: /usr/bin/python3 (found version "3.10.12") found components: Interpreter 
-- Found ament_lint_auto: 0.12.11 (/opt/ros/humble/share/ament_lint_auto/cmake)
-- Found gtest sources under '/opt/ros/humble/src/gtest_vendor': C++ tests using 'Google Test' will be built
-- The C compiler identification is GNU 11.4.0
-- Detecting C compiler ABI info
-- Detecting C compiler ABI info - done
-- Check for working C compiler: /usr/bin/cc - skipped
-- Detecting C compile features
-- Detecting C compile features - done
-- Looking for C++ include pthread.h
-- Looking for C++ include pthread.h - found
-- Performing Test CMAKE_HAVE_LIBC_PTHREAD
-- Performing Test CMAKE_HAVE_LIBC_PTHREAD - Success
-- Found Threads: TRUE  
-- Added test 'copyright' to check source files copyright and LICENSE
-- Added test 'cppcheck' to perform static code analysis on C / C++ code
-- Configured cppcheck include dirs: $<BUILD_INTERFACE:/home/robotics/ros2_ws_scan/src/fp/include>
-- Configured cppcheck exclude dirs and/or files: 
-- Added test 'lint_cmake' to check CMake code style
-- Added test 'xmllint' to check XML markup files
-- Configuring done
-- Generating done
-- Build files have been written to: /home/robotics/ros2_ws_scan/build/fp
[ 25%] [32mBuilding CXX object examples/CMakeFiles/maybe_error.dir/maybe_error.cpp.o[0m
[ 25%] [32mBuilding CXX object gtest/CMakeFiles/gtest.dir/src/gtest-all.cc.o[0m
[ 25%] [32mBuilding CXX object examples/CMakeFiles/validate_in.dir/validate_in.cpp.o[0m
[ 25%] [32mBuilding CXX object gtest/CMakeFiles/gtest_main.dir/src/gtest_main.cc.o[0m
[ 25%] [32mBuilding CXX object examples/CMakeFiles/validate_range.dir/validate_range.cpp.o[0m
[ 30%] [32mBuilding CXX object examples/CMakeFiles/result.dir/result.cpp.o[0m
[ 35%] [32mBuilding CXX object examples/CMakeFiles/no_discard.dir/no_discard.cpp.o[0m
[ 40%] [32m[1mLinking CXX static library libgtest_main.a[0m
[ 40%] Built target gtest_main
[ 45%] [32m[1mLinking CXX executable maybe_error[0m
[ 50%] [32m[1mLinking CXX executable validate_in[0m
[ 55%] [32m[1mLinking CXX executable no_discard[0m
[ 60%] [32m[1mLinking CXX executable validate_range[0m
[ 60%] Built target maybe_error
[ 60%] Built target no_discard
[ 60%] Built target validate_range
[ 60%] Built target validate_in
[ 65%] [32m[1mLinking CXX static library libgtest.a[0m
[ 70%] [32m[1mLinking CXX executable result[0m
[ 70%] Built target gtest
[ 80%] [32mBuilding CXX object test/CMakeFiles/result_tests.dir/result_tests.cpp.o[0m
[ 80%] [32mBuilding CXX object test/CMakeFiles/mbind_tests.dir/mbind_tests.cpp.o[0m
[ 85%] [32mBuilding CXX object test/CMakeFiles/validate_tests.dir/validate_tests.cpp.o[0m
[ 85%] Built target result
[ 90%] [32m[1mLinking CXX executable mbind_tests[0m
[ 90%] Built target mbind_tests
[ 95%] [32m[1mLinking CXX executable validate_tests[0m
[ 95%] Built target validate_tests
[100%] [32m[1mLinking CXX executable result_tests[0m
[100%] Built target result_tests
-- Install configuration: ""
-- Installing: /home/robotics/ros2_ws_scan/install/fp/include/
-- Installing: /home/robotics/ros2_ws_scan/install/fp/include//fp
-- Installing: /home/robotics/ros2_ws_scan/install/fp/include//fp/result.hpp
-- Installing: /home/robotics/ros2_ws_scan/install/fp/include//fp/all.hpp
-- Installing: /home/robotics/ros2_ws_scan/install/fp/include//fp/validate.hpp
-- Installing: /home/robotics/ros2_ws_scan/install/fp/include//fp/monad.hpp
-- Installing: /home/robotics/ros2_ws_scan/install/fp/include//fp/macros.hpp
-- Installing: /home/robotics/ros2_ws_scan/install/fp/include//fp/no_discard.hpp
-- Installing: /home/robotics/ros2_ws_scan/install/fp/include//fp/_external
-- Installing: /home/robotics/ros2_ws_scan/install/fp/include//fp/_external/expected.hpp
-- Installing: /home/robotics/ros2_ws_scan/install/fp/share/ament_index/resource_index/package_run_dependencies/fp
-- Installing: /home/robotics/ros2_ws_scan/install/fp/share/ament_index/resource_index/parent_prefix_path/fp
-- Installing: /home/robotics/ros2_ws_scan/install/fp/share/fp/environment/ament_prefix_path.sh
-- Installing: /home/robotics/ros2_ws_scan/install/fp/share/fp/environment/ament_prefix_path.dsv
-- Installing: /home/robotics/ros2_ws_scan/install/fp/share/fp/environment/path.sh
-- Installing: /home/robotics/ros2_ws_scan/install/fp/share/fp/environment/path.dsv
-- Installing: /home/robotics/ros2_ws_scan/install/fp/share/fp/local_setup.bash
-- Installing: /home/robotics/ros2_ws_scan/install/fp/share/fp/local_setup.sh
-- Installing: /home/robotics/ros2_ws_scan/install/fp/share/fp/local_setup.zsh
-- Installing: /home/robotics/ros2_ws_scan/install/fp/share/fp/local_setup.dsv
-- Installing: /home/robotics/ros2_ws_scan/install/fp/share/fp/package.dsv
-- Installing: /home/robotics/ros2_ws_scan/install/fp/share/ament_index/resource_index/packages/fp
-- Installing: /home/robotics/ros2_ws_scan/install/fp/share/fp/cmake/fpTargetsExport.cmake
-- Installing: /home/robotics/ros2_ws_scan/install/fp/share/fp/cmake/ament_cmake_export_include_directories-extras.cmake
-- Installing: /home/robotics/ros2_ws_scan/install/fp/share/fp/cmake/ament_cmake_export_targets-extras.cmake
-- Installing: /home/robotics/ros2_ws_scan/install/fp/share/fp/cmake/ament_cmake_export_dependencies-extras.cmake
-- Installing: /home/robotics/ros2_ws_scan/install/fp/share/fp/cmake/fpConfig.cmake
-- Installing: /home/robotics/ros2_ws_scan/install/fp/share/fp/cmake/fpConfig-version.cmake
-- Installing: /home/robotics/ros2_ws_scan/install/fp/share/fp/package.xml
