[0.026s] Invoking command in '/home/robotics/ros2_ws_scan/build/fp': CMAKE_PREFIX_PATH=${CMAKE_PREFIX_PATH}:/home/robotics/colcon_ws/install/ultraarm:/home/robotics/colcon_ws/install/mypalletizer_260_pi:/home/robotics/colcon_ws/install/mypalletizer_260:/home/robotics/colcon_ws/install/mypalletizer_communication:/home/robotics/colcon_ws/install/mycobot_630:/home/robotics/colcon_ws/install/mycobot_600:/home/robotics/colcon_ws/install/mycobot_320pi:/home/robotics/colcon_ws/install/mycobot_320:/home/robotics/colcon_ws/install/mycobot_280pi:/home/robotics/colcon_ws/install/mycobot_280jn:/home/robotics/colcon_ws/install/mycobot_280_x5pi:/home/robotics/colcon_ws/install/mycobot_280_x3pi:/home/robotics/colcon_ws/install/mycobot_280_arduino:/home/robotics/colcon_ws/install/mycobot_280:/home/robotics/colcon_ws/install/myarm_m750:/home/robotics/colcon_ws/install/myarm_c650:/home/robotics/colcon_ws/install/myarm_300:/home/robotics/colcon_ws/install/mycobot_communication:/home/robotics/colcon_ws/install/mecharm_pi:/home/robotics/colcon_ws/install/mecharm:/home/robotics/colcon_ws/install/mecharm_communication:/home/robotics/colcon_ws/install/mybuddy:/home/robotics/colcon_ws/install/mycobot_description:/opt/ros/humble /usr/bin/cmake /home/robotics/ros2_ws_scan/src/fp -DCMAKE_INSTALL_PREFIX=/home/robotics/ros2_ws_scan/install/fp
[0.074s] -- The CXX compiler identification is GNU 11.4.0
[0.078s] -- Detecting CXX compiler ABI info
[0.142s] -- Detecting CXX compiler ABI info - done
[0.148s] -- Check for working CXX compiler: /usr/bin/c++ - skipped
[0.148s] -- Detecting CXX compile features
[0.148s] -- Detecting CXX compile features - done
[0.152s] -- Found ament_cmake: 1.3.10 (/opt/ros/humble/share/ament_cmake/cmake)
[0.292s] -- Found Python3: /usr/bin/python3 (found version "3.10.12") found components: Interpreter 
[0.409s] -- Found ament_lint_auto: 0.12.11 (/opt/ros/humble/share/ament_lint_auto/cmake)
[0.491s] -- Found gtest sources under '/opt/ros/humble/src/gtest_vendor': C++ tests using 'Google Test' will be built
[0.521s] -- The C compiler identification is GNU 11.4.0
[0.528s] -- Detecting C compiler ABI info
[0.580s] -- Detecting C compiler ABI info - done
[0.585s] -- Check for working C compiler: /usr/bin/cc - skipped
[0.585s] -- Detecting C compile features
[0.585s] -- Detecting C compile features - done
[0.587s] -- Looking for C++ include pthread.h
[0.663s] -- Looking for C++ include pthread.h - found
[0.663s] -- Performing Test CMAKE_HAVE_LIBC_PTHREAD
[0.736s] -- Performing Test CMAKE_HAVE_LIBC_PTHREAD - Success
[0.737s] -- Found Threads: TRUE  
[0.745s] -- Added test 'copyright' to check source files copyright and LICENSE
[0.748s] -- Added test 'cppcheck' to perform static code analysis on C / C++ code
[0.748s] -- Configured cppcheck include dirs: $<BUILD_INTERFACE:/home/robotics/ros2_ws_scan/src/fp/include>
[0.748s] -- Configured cppcheck exclude dirs and/or files: 
[0.750s] -- Added test 'lint_cmake' to check CMake code style
[0.751s] -- Added test 'xmllint' to check XML markup files
[0.753s] -- Configuring done
[0.765s] -- Generating done
[0.767s] -- Build files have been written to: /home/robotics/ros2_ws_scan/build/fp
[0.772s] Invoked command in '/home/robotics/ros2_ws_scan/build/fp' returned '0': CMAKE_PREFIX_PATH=${CMAKE_PREFIX_PATH}:/home/robotics/colcon_ws/install/ultraarm:/home/robotics/colcon_ws/install/mypalletizer_260_pi:/home/robotics/colcon_ws/install/mypalletizer_260:/home/robotics/colcon_ws/install/mypalletizer_communication:/home/robotics/colcon_ws/install/mycobot_630:/home/robotics/colcon_ws/install/mycobot_600:/home/robotics/colcon_ws/install/mycobot_320pi:/home/robotics/colcon_ws/install/mycobot_320:/home/robotics/colcon_ws/install/mycobot_280pi:/home/robotics/colcon_ws/install/mycobot_280jn:/home/robotics/colcon_ws/install/mycobot_280_x5pi:/home/robotics/colcon_ws/install/mycobot_280_x3pi:/home/robotics/colcon_ws/install/mycobot_280_arduino:/home/robotics/colcon_ws/install/mycobot_280:/home/robotics/colcon_ws/install/myarm_m750:/home/robotics/colcon_ws/install/myarm_c650:/home/robotics/colcon_ws/install/myarm_300:/home/robotics/colcon_ws/install/mycobot_communication:/home/robotics/colcon_ws/install/mecharm_pi:/home/robotics/colcon_ws/install/mecharm:/home/robotics/colcon_ws/install/mecharm_communication:/home/robotics/colcon_ws/install/mybuddy:/home/robotics/colcon_ws/install/mycobot_description:/opt/ros/humble /usr/bin/cmake /home/robotics/ros2_ws_scan/src/fp -DCMAKE_INSTALL_PREFIX=/home/robotics/ros2_ws_scan/install/fp
[0.773s] Invoking command in '/home/robotics/ros2_ws_scan/build/fp': CMAKE_PREFIX_PATH=${CMAKE_PREFIX_PATH}:/home/robotics/colcon_ws/install/ultraarm:/home/robotics/colcon_ws/install/mypalletizer_260_pi:/home/robotics/colcon_ws/install/mypalletizer_260:/home/robotics/colcon_ws/install/mypalletizer_communication:/home/robotics/colcon_ws/install/mycobot_630:/home/robotics/colcon_ws/install/mycobot_600:/home/robotics/colcon_ws/install/mycobot_320pi:/home/robotics/colcon_ws/install/mycobot_320:/home/robotics/colcon_ws/install/mycobot_280pi:/home/robotics/colcon_ws/install/mycobot_280jn:/home/robotics/colcon_ws/install/mycobot_280_x5pi:/home/robotics/colcon_ws/install/mycobot_280_x3pi:/home/robotics/colcon_ws/install/mycobot_280_arduino:/home/robotics/colcon_ws/install/mycobot_280:/home/robotics/colcon_ws/install/myarm_m750:/home/robotics/colcon_ws/install/myarm_c650:/home/robotics/colcon_ws/install/myarm_300:/home/robotics/colcon_ws/install/mycobot_communication:/home/robotics/colcon_ws/install/mecharm_pi:/home/robotics/colcon_ws/install/mecharm:/home/robotics/colcon_ws/install/mecharm_communication:/home/robotics/colcon_ws/install/mybuddy:/home/robotics/colcon_ws/install/mycobot_description:/opt/ros/humble /usr/bin/cmake --build /home/robotics/ros2_ws_scan/build/fp -- -j16 -l16
[0.821s] [ 25%] [32mBuilding CXX object examples/CMakeFiles/maybe_error.dir/maybe_error.cpp.o[0m
[0.821s] [ 25%] [32mBuilding CXX object gtest/CMakeFiles/gtest.dir/src/gtest-all.cc.o[0m
[0.821s] [ 25%] [32mBuilding CXX object examples/CMakeFiles/validate_in.dir/validate_in.cpp.o[0m
[0.821s] [ 25%] [32mBuilding CXX object gtest/CMakeFiles/gtest_main.dir/src/gtest_main.cc.o[0m
[0.821s] [ 25%] [32mBuilding CXX object examples/CMakeFiles/validate_range.dir/validate_range.cpp.o[0m
[0.821s] [ 30%] [32mBuilding CXX object examples/CMakeFiles/result.dir/result.cpp.o[0m
[0.821s] [ 35%] [32mBuilding CXX object examples/CMakeFiles/no_discard.dir/no_discard.cpp.o[0m
[1.743s] [ 40%] [32m[1mLinking CXX static library libgtest_main.a[0m
[1.803s] [ 40%] Built target gtest_main
[2.596s] [ 45%] [32m[1mLinking CXX executable maybe_error[0m
[2.664s] [ 50%] [32m[1mLinking CXX executable validate_in[0m
[2.664s] [ 55%] [32m[1mLinking CXX executable no_discard[0m
[2.681s] [ 60%] [32m[1mLinking CXX executable validate_range[0m
[2.689s] [ 60%] Built target maybe_error
[2.773s] [ 60%] Built target no_discard
[2.779s] [ 60%] Built target validate_range
[2.794s] [ 60%] Built target validate_in
[3.614s] [ 65%] [32m[1mLinking CXX static library libgtest.a[0m
[3.655s] [ 70%] [32m[1mLinking CXX executable result[0m
[3.694s] [ 70%] Built target gtest
[3.712s] [ 80%] [32mBuilding CXX object test/CMakeFiles/result_tests.dir/result_tests.cpp.o[0m
[3.713s] [ 80%] [32mBuilding CXX object test/CMakeFiles/mbind_tests.dir/mbind_tests.cpp.o[0m
[3.713s] [ 85%] [32mBuilding CXX object test/CMakeFiles/validate_tests.dir/validate_tests.cpp.o[0m
[3.748s] [ 85%] Built target result
[5.200s] [ 90%] [32m[1mLinking CXX executable mbind_tests[0m
[5.318s] [ 90%] Built target mbind_tests
[5.973s] [ 95%] [32m[1mLinking CXX executable validate_tests[0m
[6.095s] [ 95%] Built target validate_tests
[6.212s] [100%] [32m[1mLinking CXX executable result_tests[0m
[6.332s] [100%] Built target result_tests
[6.344s] Invoked command in '/home/robotics/ros2_ws_scan/build/fp' returned '0': CMAKE_PREFIX_PATH=${CMAKE_PREFIX_PATH}:/home/robotics/colcon_ws/install/ultraarm:/home/robotics/colcon_ws/install/mypalletizer_260_pi:/home/robotics/colcon_ws/install/mypalletizer_260:/home/robotics/colcon_ws/install/mypalletizer_communication:/home/robotics/colcon_ws/install/mycobot_630:/home/robotics/colcon_ws/install/mycobot_600:/home/robotics/colcon_ws/install/mycobot_320pi:/home/robotics/colcon_ws/install/mycobot_320:/home/robotics/colcon_ws/install/mycobot_280pi:/home/robotics/colcon_ws/install/mycobot_280jn:/home/robotics/colcon_ws/install/mycobot_280_x5pi:/home/robotics/colcon_ws/install/mycobot_280_x3pi:/home/robotics/colcon_ws/install/mycobot_280_arduino:/home/robotics/colcon_ws/install/mycobot_280:/home/robotics/colcon_ws/install/myarm_m750:/home/robotics/colcon_ws/install/myarm_c650:/home/robotics/colcon_ws/install/myarm_300:/home/robotics/colcon_ws/install/mycobot_communication:/home/robotics/colcon_ws/install/mecharm_pi:/home/robotics/colcon_ws/install/mecharm:/home/robotics/colcon_ws/install/mecharm_communication:/home/robotics/colcon_ws/install/mybuddy:/home/robotics/colcon_ws/install/mycobot_description:/opt/ros/humble /usr/bin/cmake --build /home/robotics/ros2_ws_scan/build/fp -- -j16 -l16
[6.380s] Invoking command in '/home/robotics/ros2_ws_scan/build/fp': CMAKE_PREFIX_PATH=${CMAKE_PREFIX_PATH}:/home/robotics/colcon_ws/install/ultraarm:/home/robotics/colcon_ws/install/mypalletizer_260_pi:/home/robotics/colcon_ws/install/mypalletizer_260:/home/robotics/colcon_ws/install/mypalletizer_communication:/home/robotics/colcon_ws/install/mycobot_630:/home/robotics/colcon_ws/install/mycobot_600:/home/robotics/colcon_ws/install/mycobot_320pi:/home/robotics/colcon_ws/install/mycobot_320:/home/robotics/colcon_ws/install/mycobot_280pi:/home/robotics/colcon_ws/install/mycobot_280jn:/home/robotics/colcon_ws/install/mycobot_280_x5pi:/home/robotics/colcon_ws/install/mycobot_280_x3pi:/home/robotics/colcon_ws/install/mycobot_280_arduino:/home/robotics/colcon_ws/install/mycobot_280:/home/robotics/colcon_ws/install/myarm_m750:/home/robotics/colcon_ws/install/myarm_c650:/home/robotics/colcon_ws/install/myarm_300:/home/robotics/colcon_ws/install/mycobot_communication:/home/robotics/colcon_ws/install/mecharm_pi:/home/robotics/colcon_ws/install/mecharm:/home/robotics/colcon_ws/install/mecharm_communication:/home/robotics/colcon_ws/install/mybuddy:/home/robotics/colcon_ws/install/mycobot_description:/opt/ros/humble /usr/bin/cmake --install /home/robotics/ros2_ws_scan/build/fp
[6.387s] -- Install configuration: ""
[6.387s] -- Installing: /home/robotics/ros2_ws_scan/install/fp/include/
[6.387s] -- Installing: /home/robotics/ros2_ws_scan/install/fp/include//fp
[6.387s] -- Installing: /home/robotics/ros2_ws_scan/install/fp/include//fp/result.hpp
[6.387s] -- Installing: /home/robotics/ros2_ws_scan/install/fp/include//fp/all.hpp
[6.387s] -- Installing: /home/robotics/ros2_ws_scan/install/fp/include//fp/validate.hpp
[6.387s] -- Installing: /home/robotics/ros2_ws_scan/install/fp/include//fp/monad.hpp
[6.387s] -- Installing: /home/robotics/ros2_ws_scan/install/fp/include//fp/macros.hpp
[6.387s] -- Installing: /home/robotics/ros2_ws_scan/install/fp/include//fp/no_discard.hpp
[6.387s] -- Installing: /home/robotics/ros2_ws_scan/install/fp/include//fp/_external
[6.387s] -- Installing: /home/robotics/ros2_ws_scan/install/fp/include//fp/_external/expected.hpp
[6.388s] -- Installing: /home/robotics/ros2_ws_scan/install/fp/share/ament_index/resource_index/package_run_dependencies/fp
[6.388s] -- Installing: /home/robotics/ros2_ws_scan/install/fp/share/ament_index/resource_index/parent_prefix_path/fp
[6.388s] -- Installing: /home/robotics/ros2_ws_scan/install/fp/share/fp/environment/ament_prefix_path.sh
[6.388s] -- Installing: /home/robotics/ros2_ws_scan/install/fp/share/fp/environment/ament_prefix_path.dsv
[6.388s] -- Installing: /home/robotics/ros2_ws_scan/install/fp/share/fp/environment/path.sh
[6.388s] -- Installing: /home/robotics/ros2_ws_scan/install/fp/share/fp/environment/path.dsv
[6.388s] -- Installing: /home/robotics/ros2_ws_scan/install/fp/share/fp/local_setup.bash
[6.388s] -- Installing: /home/robotics/ros2_ws_scan/install/fp/share/fp/local_setup.sh
[6.389s] -- Installing: /home/robotics/ros2_ws_scan/install/fp/share/fp/local_setup.zsh
[6.389s] -- Installing: /home/robotics/ros2_ws_scan/install/fp/share/fp/local_setup.dsv
[6.389s] -- Installing: /home/robotics/ros2_ws_scan/install/fp/share/fp/package.dsv
[6.389s] -- Installing: /home/robotics/ros2_ws_scan/install/fp/share/ament_index/resource_index/packages/fp
[6.389s] -- Installing: /home/robotics/ros2_ws_scan/install/fp/share/fp/cmake/fpTargetsExport.cmake
[6.389s] -- Installing: /home/robotics/ros2_ws_scan/install/fp/share/fp/cmake/ament_cmake_export_include_directories-extras.cmake
[6.389s] -- Installing: /home/robotics/ros2_ws_scan/install/fp/share/fp/cmake/ament_cmake_export_targets-extras.cmake
[6.389s] -- Installing: /home/robotics/ros2_ws_scan/install/fp/share/fp/cmake/ament_cmake_export_dependencies-extras.cmake
[6.389s] -- Installing: /home/robotics/ros2_ws_scan/install/fp/share/fp/cmake/fpConfig.cmake
[6.389s] -- Installing: /home/robotics/ros2_ws_scan/install/fp/share/fp/cmake/fpConfig-version.cmake
[6.389s] -- Installing: /home/robotics/ros2_ws_scan/install/fp/share/fp/package.xml
[6.392s] Invoked command in '/home/robotics/ros2_ws_scan/build/fp' returned '0': CMAKE_PREFIX_PATH=${CMAKE_PREFIX_PATH}:/home/robotics/colcon_ws/install/ultraarm:/home/robotics/colcon_ws/install/mypalletizer_260_pi:/home/robotics/colcon_ws/install/mypalletizer_260:/home/robotics/colcon_ws/install/mypalletizer_communication:/home/robotics/colcon_ws/install/mycobot_630:/home/robotics/colcon_ws/install/mycobot_600:/home/robotics/colcon_ws/install/mycobot_320pi:/home/robotics/colcon_ws/install/mycobot_320:/home/robotics/colcon_ws/install/mycobot_280pi:/home/robotics/colcon_ws/install/mycobot_280jn:/home/robotics/colcon_ws/install/mycobot_280_x5pi:/home/robotics/colcon_ws/install/mycobot_280_x3pi:/home/robotics/colcon_ws/install/mycobot_280_arduino:/home/robotics/colcon_ws/install/mycobot_280:/home/robotics/colcon_ws/install/myarm_m750:/home/robotics/colcon_ws/install/myarm_c650:/home/robotics/colcon_ws/install/myarm_300:/home/robotics/colcon_ws/install/mycobot_communication:/home/robotics/colcon_ws/install/mecharm_pi:/home/robotics/colcon_ws/install/mecharm:/home/robotics/colcon_ws/install/mecharm_communication:/home/robotics/colcon_ws/install/mybuddy:/home/robotics/colcon_ws/install/mycobot_description:/opt/ros/humble /usr/bin/cmake --install /home/robotics/ros2_ws_scan/build/fp
