[0.025s] Invoking command in '/home/robotics/ros2_ws_scan/build/serial': CMAKE_PREFIX_PATH=${CMAKE_PREFIX_PATH}:/home/robotics/colcon_ws/install/ultraarm:/home/robotics/colcon_ws/install/mypalletizer_260_pi:/home/robotics/colcon_ws/install/mypalletizer_260:/home/robotics/colcon_ws/install/mypalletizer_communication:/home/robotics/colcon_ws/install/mycobot_630:/home/robotics/colcon_ws/install/mycobot_600:/home/robotics/colcon_ws/install/mycobot_320pi:/home/robotics/colcon_ws/install/mycobot_320:/home/robotics/colcon_ws/install/mycobot_280pi:/home/robotics/colcon_ws/install/mycobot_280jn:/home/robotics/colcon_ws/install/mycobot_280_x5pi:/home/robotics/colcon_ws/install/mycobot_280_x3pi:/home/robotics/colcon_ws/install/mycobot_280_arduino:/home/robotics/colcon_ws/install/mycobot_280:/home/robotics/colcon_ws/install/myarm_m750:/home/robotics/colcon_ws/install/myarm_c650:/home/robotics/colcon_ws/install/myarm_300:/home/robotics/colcon_ws/install/mycobot_communication:/home/robotics/colcon_ws/install/mecharm_pi:/home/robotics/colcon_ws/install/mecharm:/home/robotics/colcon_ws/install/mecharm_communication:/home/robotics/colcon_ws/install/mybuddy:/home/robotics/colcon_ws/install/mycobot_description:/opt/ros/humble /usr/bin/cmake /home/robotics/ros2_ws_scan/src/serial -DCMAKE_INSTALL_PREFIX=/home/robotics/ros2_ws_scan/install/serial
[0.064s] -- The C compiler identification is GNU 11.4.0
[0.102s] -- The CXX compiler identification is GNU 11.4.0
[0.110s] -- Detecting C compiler ABI info
[0.161s] -- Detecting C compiler ABI info - done
[0.165s] -- Check for working C compiler: /usr/bin/cc - skipped
[0.166s] -- Detecting C compile features
[0.166s] -- Detecting C compile features - done
[0.168s] -- Detecting CXX compiler ABI info
[0.228s] -- Detecting CXX compiler ABI info - done
[0.234s] -- Check for working CXX compiler: /usr/bin/c++ - skipped
[0.234s] -- Detecting CXX compile features
[0.235s] -- Detecting CXX compile features - done
[0.239s] -- Found ament_cmake: 1.3.10 (/opt/ros/humble/share/ament_cmake/cmake)
[0.376s] -- Found Python3: /usr/bin/python3 (found version "3.10.12") found components: Interpreter 
[0.530s] -- Configuring done
[0.536s] -- Generating done
[0.536s] -- Build files have been written to: /home/robotics/ros2_ws_scan/build/serial
[0.539s] Invoked command in '/home/robotics/ros2_ws_scan/build/serial' returned '0': CMAKE_PREFIX_PATH=${CMAKE_PREFIX_PATH}:/home/robotics/colcon_ws/install/ultraarm:/home/robotics/colcon_ws/install/mypalletizer_260_pi:/home/robotics/colcon_ws/install/mypalletizer_260:/home/robotics/colcon_ws/install/mypalletizer_communication:/home/robotics/colcon_ws/install/mycobot_630:/home/robotics/colcon_ws/install/mycobot_600:/home/robotics/colcon_ws/install/mycobot_320pi:/home/robotics/colcon_ws/install/mycobot_320:/home/robotics/colcon_ws/install/mycobot_280pi:/home/robotics/colcon_ws/install/mycobot_280jn:/home/robotics/colcon_ws/install/mycobot_280_x5pi:/home/robotics/colcon_ws/install/mycobot_280_x3pi:/home/robotics/colcon_ws/install/mycobot_280_arduino:/home/robotics/colcon_ws/install/mycobot_280:/home/robotics/colcon_ws/install/myarm_m750:/home/robotics/colcon_ws/install/myarm_c650:/home/robotics/colcon_ws/install/myarm_300:/home/robotics/colcon_ws/install/mycobot_communication:/home/robotics/colcon_ws/install/mecharm_pi:/home/robotics/colcon_ws/install/mecharm:/home/robotics/colcon_ws/install/mecharm_communication:/home/robotics/colcon_ws/install/mybuddy:/home/robotics/colcon_ws/install/mycobot_description:/opt/ros/humble /usr/bin/cmake /home/robotics/ros2_ws_scan/src/serial -DCMAKE_INSTALL_PREFIX=/home/robotics/ros2_ws_scan/install/serial
[0.540s] Invoking command in '/home/robotics/ros2_ws_scan/build/serial': CMAKE_PREFIX_PATH=${CMAKE_PREFIX_PATH}:/home/robotics/colcon_ws/install/ultraarm:/home/robotics/colcon_ws/install/mypalletizer_260_pi:/home/robotics/colcon_ws/install/mypalletizer_260:/home/robotics/colcon_ws/install/mypalletizer_communication:/home/robotics/colcon_ws/install/mycobot_630:/home/robotics/colcon_ws/install/mycobot_600:/home/robotics/colcon_ws/install/mycobot_320pi:/home/robotics/colcon_ws/install/mycobot_320:/home/robotics/colcon_ws/install/mycobot_280pi:/home/robotics/colcon_ws/install/mycobot_280jn:/home/robotics/colcon_ws/install/mycobot_280_x5pi:/home/robotics/colcon_ws/install/mycobot_280_x3pi:/home/robotics/colcon_ws/install/mycobot_280_arduino:/home/robotics/colcon_ws/install/mycobot_280:/home/robotics/colcon_ws/install/myarm_m750:/home/robotics/colcon_ws/install/myarm_c650:/home/robotics/colcon_ws/install/myarm_300:/home/robotics/colcon_ws/install/mycobot_communication:/home/robotics/colcon_ws/install/mecharm_pi:/home/robotics/colcon_ws/install/mecharm:/home/robotics/colcon_ws/install/mecharm_communication:/home/robotics/colcon_ws/install/mybuddy:/home/robotics/colcon_ws/install/mycobot_description:/opt/ros/humble /usr/bin/cmake --build /home/robotics/ros2_ws_scan/build/serial -- -j16 -l16
[0.579s] [ 25%] [32mBuilding CXX object CMakeFiles/serial.dir/src/serial.cc.o[0m
[0.580s] [ 75%] [32mBuilding CXX object CMakeFiles/serial.dir/src/impl/unix.cc.o[0m
[0.580s] [ 75%] [32mBuilding CXX object CMakeFiles/serial.dir/src/impl/list_ports/list_ports_linux.cc.o[0m
[1.008s] [100%] [32m[1mLinking CXX static library libserial.a[0m
[1.087s] [100%] Built target serial
[1.100s] Invoked command in '/home/robotics/ros2_ws_scan/build/serial' returned '0': CMAKE_PREFIX_PATH=${CMAKE_PREFIX_PATH}:/home/robotics/colcon_ws/install/ultraarm:/home/robotics/colcon_ws/install/mypalletizer_260_pi:/home/robotics/colcon_ws/install/mypalletizer_260:/home/robotics/colcon_ws/install/mypalletizer_communication:/home/robotics/colcon_ws/install/mycobot_630:/home/robotics/colcon_ws/install/mycobot_600:/home/robotics/colcon_ws/install/mycobot_320pi:/home/robotics/colcon_ws/install/mycobot_320:/home/robotics/colcon_ws/install/mycobot_280pi:/home/robotics/colcon_ws/install/mycobot_280jn:/home/robotics/colcon_ws/install/mycobot_280_x5pi:/home/robotics/colcon_ws/install/mycobot_280_x3pi:/home/robotics/colcon_ws/install/mycobot_280_arduino:/home/robotics/colcon_ws/install/mycobot_280:/home/robotics/colcon_ws/install/myarm_m750:/home/robotics/colcon_ws/install/myarm_c650:/home/robotics/colcon_ws/install/myarm_300:/home/robotics/colcon_ws/install/mycobot_communication:/home/robotics/colcon_ws/install/mecharm_pi:/home/robotics/colcon_ws/install/mecharm:/home/robotics/colcon_ws/install/mecharm_communication:/home/robotics/colcon_ws/install/mybuddy:/home/robotics/colcon_ws/install/mycobot_description:/opt/ros/humble /usr/bin/cmake --build /home/robotics/ros2_ws_scan/build/serial -- -j16 -l16
[1.137s] Invoking command in '/home/robotics/ros2_ws_scan/build/serial': CMAKE_PREFIX_PATH=${CMAKE_PREFIX_PATH}:/home/robotics/colcon_ws/install/ultraarm:/home/robotics/colcon_ws/install/mypalletizer_260_pi:/home/robotics/colcon_ws/install/mypalletizer_260:/home/robotics/colcon_ws/install/mypalletizer_communication:/home/robotics/colcon_ws/install/mycobot_630:/home/robotics/colcon_ws/install/mycobot_600:/home/robotics/colcon_ws/install/mycobot_320pi:/home/robotics/colcon_ws/install/mycobot_320:/home/robotics/colcon_ws/install/mycobot_280pi:/home/robotics/colcon_ws/install/mycobot_280jn:/home/robotics/colcon_ws/install/mycobot_280_x5pi:/home/robotics/colcon_ws/install/mycobot_280_x3pi:/home/robotics/colcon_ws/install/mycobot_280_arduino:/home/robotics/colcon_ws/install/mycobot_280:/home/robotics/colcon_ws/install/myarm_m750:/home/robotics/colcon_ws/install/myarm_c650:/home/robotics/colcon_ws/install/myarm_300:/home/robotics/colcon_ws/install/mycobot_communication:/home/robotics/colcon_ws/install/mecharm_pi:/home/robotics/colcon_ws/install/mecharm:/home/robotics/colcon_ws/install/mecharm_communication:/home/robotics/colcon_ws/install/mybuddy:/home/robotics/colcon_ws/install/mycobot_description:/opt/ros/humble /usr/bin/cmake --install /home/robotics/ros2_ws_scan/build/serial
[1.144s] -- Install configuration: ""
[1.144s] -- Installing: /home/robotics/ros2_ws_scan/install/serial/lib/libserial.a
[1.145s] -- Installing: /home/robotics/ros2_ws_scan/install/serial/include
[1.145s] -- Installing: /home/robotics/ros2_ws_scan/install/serial/include/serial
[1.145s] -- Installing: /home/robotics/ros2_ws_scan/install/serial/include/serial/v8stdint.h
[1.145s] -- Installing: /home/robotics/ros2_ws_scan/install/serial/include/serial/impl
[1.145s] -- Installing: /home/robotics/ros2_ws_scan/install/serial/include/serial/impl/win.h
[1.145s] -- Installing: /home/robotics/ros2_ws_scan/install/serial/include/serial/impl/unix.h
[1.145s] -- Installing: /home/robotics/ros2_ws_scan/install/serial/include/serial/serial.h
[1.145s] -- Installing: /home/robotics/ros2_ws_scan/install/serial/share/serial/environment/library_path.sh
[1.145s] -- Installing: /home/robotics/ros2_ws_scan/install/serial/share/serial/environment/library_path.dsv
[1.146s] -- Installing: /home/robotics/ros2_ws_scan/install/serial/share/ament_index/resource_index/package_run_dependencies/serial
[1.146s] -- Installing: /home/robotics/ros2_ws_scan/install/serial/share/ament_index/resource_index/parent_prefix_path/serial
[1.146s] -- Installing: /home/robotics/ros2_ws_scan/install/serial/share/serial/environment/ament_prefix_path.sh
[1.146s] -- Installing: /home/robotics/ros2_ws_scan/install/serial/share/serial/environment/ament_prefix_path.dsv
[1.146s] -- Installing: /home/robotics/ros2_ws_scan/install/serial/share/serial/environment/path.sh
[1.146s] -- Installing: /home/robotics/ros2_ws_scan/install/serial/share/serial/environment/path.dsv
[1.147s] -- Installing: /home/robotics/ros2_ws_scan/install/serial/share/serial/local_setup.bash
[1.147s] -- Installing: /home/robotics/ros2_ws_scan/install/serial/share/serial/local_setup.sh
[1.147s] -- Installing: /home/robotics/ros2_ws_scan/install/serial/share/serial/local_setup.zsh
[1.147s] -- Installing: /home/robotics/ros2_ws_scan/install/serial/share/serial/local_setup.dsv
[1.147s] -- Installing: /home/robotics/ros2_ws_scan/install/serial/share/serial/package.dsv
[1.147s] -- Installing: /home/robotics/ros2_ws_scan/install/serial/share/ament_index/resource_index/packages/serial
[1.148s] -- Installing: /home/robotics/ros2_ws_scan/install/serial/share/serial/cmake/export_serialExport.cmake
[1.148s] -- Installing: /home/robotics/ros2_ws_scan/install/serial/share/serial/cmake/export_serialExport-noconfig.cmake
[1.148s] -- Installing: /home/robotics/ros2_ws_scan/install/serial/share/serial/cmake/ament_cmake_export_include_directories-extras.cmake
[1.148s] -- Installing: /home/robotics/ros2_ws_scan/install/serial/share/serial/cmake/ament_cmake_export_libraries-extras.cmake
[1.148s] -- Installing: /home/robotics/ros2_ws_scan/install/serial/share/serial/cmake/ament_cmake_export_targets-extras.cmake
[1.148s] -- Installing: /home/robotics/ros2_ws_scan/install/serial/share/serial/cmake/serialConfig.cmake
[1.148s] -- Installing: /home/robotics/ros2_ws_scan/install/serial/share/serial/cmake/serialConfig-version.cmake
[1.148s] -- Installing: /home/robotics/ros2_ws_scan/install/serial/share/serial/package.xml
[1.151s] Invoked command in '/home/robotics/ros2_ws_scan/build/serial' returned '0': CMAKE_PREFIX_PATH=${CMAKE_PREFIX_PATH}:/home/robotics/colcon_ws/install/ultraarm:/home/robotics/colcon_ws/install/mypalletizer_260_pi:/home/robotics/colcon_ws/install/mypalletizer_260:/home/robotics/colcon_ws/install/mypalletizer_communication:/home/robotics/colcon_ws/install/mycobot_630:/home/robotics/colcon_ws/install/mycobot_600:/home/robotics/colcon_ws/install/mycobot_320pi:/home/robotics/colcon_ws/install/mycobot_320:/home/robotics/colcon_ws/install/mycobot_280pi:/home/robotics/colcon_ws/install/mycobot_280jn:/home/robotics/colcon_ws/install/mycobot_280_x5pi:/home/robotics/colcon_ws/install/mycobot_280_x3pi:/home/robotics/colcon_ws/install/mycobot_280_arduino:/home/robotics/colcon_ws/install/mycobot_280:/home/robotics/colcon_ws/install/myarm_m750:/home/robotics/colcon_ws/install/myarm_c650:/home/robotics/colcon_ws/install/myarm_300:/home/robotics/colcon_ws/install/mycobot_communication:/home/robotics/colcon_ws/install/mecharm_pi:/home/robotics/colcon_ws/install/mecharm:/home/robotics/colcon_ws/install/mecharm_communication:/home/robotics/colcon_ws/install/mybuddy:/home/robotics/colcon_ws/install/mycobot_description:/opt/ros/humble /usr/bin/cmake --install /home/robotics/ros2_ws_scan/build/serial
